,number,value,datetime_start,datetime_complete,duration,params_alpha,params_beta,params_gamma1,params_gamma2,params_gamma3,state
0,0,-0.19665519737547232,2020-08-27 06:49:48.500499,2020-08-27 07:04:32.381176,0 days 00:14:43.880677000,0.1983475693715545,0.23743372123894846,0.1483319895225409,0.23032277606321538,0.4402850869905792,COMPLETE
1,1,-0.21307436893396345,2020-08-27 07:04:32.381757,2020-08-27 07:25:22.545740,0 days 00:20:50.163983000,0.4024580233558605,0.34405121273904454,0.05277050552001472,0.7886467932232472,0.9136212496416187,COMPLETE
2,2,-0.19917638719020236,2020-08-27 07:25:22.546209,2020-08-27 07:37:35.764869,0 days 00:12:13.218660000,0.15223313785962672,0.42143485971817407,0.6797773023813358,0.8751332752937442,0.9077341780530374,COMPLETE
3,3,-0.19364505566974338,2020-08-27 07:37:35.765347,2020-08-27 07:57:47.227461,0 days 00:20:11.462114000,0.36377129484088827,0.03825210840498949,0.5575606545560999,0.3759554153435427,0.40872903910073843,COMPLETE
4,4,-0.1922919347359449,2020-08-27 07:57:47.227923,2020-08-27 08:09:31.913550,0 days 00:11:44.685627000,0.14451510482776153,0.17563743548948296,0.03120072840650523,0.7408198891246669,0.7236202565684434,COMPLETE
5,5,-0.1948093481792475,2020-08-27 08:09:31.914013,2020-08-27 08:24:05.938315,0 days 00:14:34.024302000,0.18554853721839093,0.15493416015876177,0.025050296664461347,0.1502181145040451,0.7772474611729039,COMPLETE
6,6,-0.19728667837633812,2020-08-27 08:24:05.938775,2020-08-27 08:35:44.622515,0 days 00:11:38.683740000,0.11678801208668566,0.3657637917703065,0.17917783367328521,0.5406016567260488,0.6695671742027032,COMPLETE
7,7,-0.20034444963568054,2020-08-27 08:35:44.622974,2020-08-27 08:53:30.376805,0 days 00:17:45.753831000,0.3764384263528432,0.2594551508195098,0.7164084581404393,0.4264607600384235,0.5862123888553056,COMPLETE
8,8,-0.199812316668962,2020-08-27 08:53:30.377272,2020-08-27 09:14:19.063921,0 days 00:20:48.686649000,0.46919335319228617,0.21263139866659714,0.7554658570341175,0.5952339919788094,0.36720086712447286,COMPLETE
9,9,-0.20106065307519566,2020-08-27 09:14:19.064385,2020-08-27 09:29:44.639147,0 days 00:15:25.574762000,0.2758449880239286,0.2925816745683441,0.7451636724051384,0.012260639799361761,0.2635760526124832,COMPLETE
10,10,-0.20528623395949458,2020-08-27 09:29:44.639611,2020-08-27 09:49:58.054513,0 days 00:20:13.414902000,0.45813519376976963,0.49124922971944013,0.9922416414559565,0.9352370871152706,0.9086995774591224,COMPLETE
11,11,-0.2061614749988837,2020-08-27 09:49:58.054977,2020-08-27 10:11:49.590722,0 days 00:21:51.535745000,0.496142992708608,0.495002475581468,0.9430088311694601,0.9590955038117994,0.9812485564374074,COMPLETE
12,12,-0.20852335542343153,2020-08-27 10:11:49.591192,2020-08-27 10:34:12.140769,0 days 00:22:22.549577000,0.49289793920590236,0.47247742835016154,0.31832418540224383,0.7477420401525833,0.08468835793493673,COMPLETE
13,13,-0.17785474959573305,2020-08-27 10:34:12.141226,2020-08-27 10:39:59.454245,0 days 00:05:47.313019000,0.002285733210982993,0.3797605005096114,0.32324044569387395,0.7173450560505784,0.11441892459443609,COMPLETE
14,14,-0.20375211645848135,2020-08-27 10:39:59.454702,2020-08-27 10:58:10.781305,0 days 00:18:11.326603000,0.38798162194049035,0.44286706156084843,0.3862461634340172,0.7829736362702646,0.05633786382722929,COMPLETE
15,15,-0.20046440064907825,2020-08-27 10:58:10.781769,2020-08-27 11:13:53.594767,0 days 00:15:42.812998000,0.27871290387203324,0.34079175656399047,0.20651238927199306,0.6330491924261837,0.19387040232198743,COMPLETE
16,16,-0.2050251609876683,2020-08-27 11:13:53.595283,2020-08-27 11:33:18.999807,0 days 00:19:25.404524000,0.4250154997592789,0.4374041921376334,0.3539516430956733,0.8262366762246984,0.5500844005332671,COMPLETE
17,17,-0.19968219253659247,2020-08-27 11:33:19.000268,2020-08-27 11:49:46.593013,0 days 00:16:27.592745000,0.3170123096633423,0.3116306349360754,0.4891744437249416,0.6686301320927924,0.00919197218525035,COMPLETE
18,18,-0.22588532237418651,2020-08-27 11:49:46.593606,2020-08-27 12:12:47.869043,0 days 00:23:01.275437000,0.4958594230767287,0.4857939661975695,0.004917554371189063,0.9883277134985878,0.2410503715324215,COMPLETE
19,19,-0.19324346509928536,2020-08-27 12:12:47.869499,2020-08-27 12:33:24.991799,0 days 00:20:37.122300000,0.4271628461976117,0.06457961317391878,0.08256243473562627,0.9867641600001976,0.2689269463819918,COMPLETE
20,20,-0.20358635568001537,2020-08-27 12:33:24.992267,2020-08-27 12:50:08.940810,0 days 00:16:43.948543000,0.31829709072977896,0.37496533148877736,0.22874196388788534,0.8915487181705458,0.2861244782001324,COMPLETE
21,21,-0.2261738950903031,2020-08-27 12:50:08.941264,2020-08-27 13:13:24.780919,0 days 00:23:15.839655000,0.4975121428699272,0.49770585556330776,0.0033499159053375248,0.9945051545128566,0.1365339869665093,COMPLETE
22,22,-0.22552385623865717,2020-08-27 13:13:24.781381,2020-08-27 13:36:46.576750,0 days 00:23:21.795369000,0.4978708195066648,0.4131799226378923,0.001928484347200417,0.9964891735209229,0.1856708264470436,COMPLETE
23,23,-0.22602345911534932,2020-08-27 13:36:46.577215,2020-08-27 13:59:43.771004,0 days 00:22:57.193789000,0.4935730677314923,0.4952813670804964,0.0012177714365716572,0.9850373418002084,0.15771871158562828,COMPLETE
24,24,-0.21622584515354126,2020-08-27 13:59:43.771465,2020-08-27 14:20:59.761229,0 days 00:21:15.989764000,0.4558316133737155,0.4946374976287349,0.12023400380139726,0.8944392733150003,0.16116804108976646,COMPLETE
25,25,-0.22533270838218145,2020-08-27 14:20:59.761690,2020-08-27 14:41:58.857402,0 days 00:20:59.095712000,0.4371354859016573,0.45674628532276884,0.002165339759437723,0.9925990448266688,0.028656653466610546,COMPLETE
26,26,-0.18500259383877135,2020-08-27 14:41:58.857856,2020-08-27 14:50:30.574632,0 days 00:08:31.716776000,0.03705709021961623,0.4050670521445972,0.2664578842032736,0.8491474553882628,0.31464736288463824,COMPLETE
27,27,-0.2194800321093182,2020-08-27 14:50:30.575100,2020-08-27 15:12:22.462984,0 days 00:21:51.887884000,0.4966451360318256,0.4968294582385684,0.1048423718643815,0.9998602300195667,0.20219138268915218,COMPLETE
28,28,-0.224667596005238,2020-08-27 15:12:22.463437,2020-08-27 15:28:59.271677,0 days 00:16:36.808240000,0.34546556602677836,0.46352093032785885,0.005165584954362645,0.914307193728737,0.1318078306738127,COMPLETE
29,29,-0.2036618413431565,2020-08-27 15:28:59.272128,2020-08-27 15:48:47.952414,0 days 00:19:48.680286000,0.47796369904593616,0.40440304949922423,0.1620560838044346,0.283568741222627,0.4462450102318387,COMPLETE
30,30,-0.20474136880397842,2020-08-27 15:48:47.952865,2020-08-27 16:07:14.720435,0 days 00:18:26.767570000,0.4096018561485594,0.4664631817103808,0.42886543991195525,0.8369930128083691,0.3371278491975437,COMPLETE
31,31,-0.22585740881901442,2020-08-27 16:07:14.720882,2020-08-27 16:29:06.349208,0 days 00:21:51.628326000,0.49006931674372706,0.49402983041775,0.008058520093575742,0.9816085458332221,0.21420743000476797,COMPLETE
32,32,-0.22053725772230198,2020-08-27 16:29:06.349658,2020-08-27 16:50:11.756630,0 days 00:21:05.406972000,0.4648306388549786,0.47959397662603814,0.07469820549014014,0.9990079441200448,0.23710317596152636,COMPLETE
33,33,-0.21322154986532724,2020-08-27 16:50:11.757079,2020-08-27 17:09:47.765230,0 days 00:19:36.008151000,0.43827190687577244,0.4313503544089027,0.13573154970903706,0.9423758263901163,0.11171292608619954,COMPLETE
34,34,-0.21868749991996186,2020-08-27 17:09:47.765681,2020-08-27 17:31:34.438746,0 days 00:21:46.673065000,0.494395390512468,0.4460857186649341,0.06911348215819738,0.8132195020988062,0.4541984596632917,COMPLETE
35,35,-0.225210335280225,2020-08-27 17:31:34.439203,2020-08-27 17:50:30.077238,0 days 00:18:55.638035000,0.4020414610591075,0.4995033594531984,0.003834193671012529,0.8952544681618171,0.38096179070083286,COMPLETE
36,36,-0.1797667676041667,2020-08-27 17:50:30.077687,2020-08-27 18:11:54.622931,0 days 00:21:24.545244000,0.4549620322431906,0.001103602746620358,0.058025503996796804,0.9324610606518513,0.012307945818559068,COMPLETE
37,37,-0.20173637060327648,2020-08-27 18:11:54.623392,2020-08-27 18:28:20.198762,0 days 00:16:25.575370000,0.36069959294925924,0.4088853931494095,0.6048547479708201,0.9977687547456655,0.24340456710963318,COMPLETE
38,38,-0.1997856238919643,2020-08-27 18:28:20.199219,2020-08-27 18:39:15.357078,0 days 00:10:55.157859000,0.0705358647579388,0.4997546967880709,0.14209321609596942,0.7705566330107019,0.14893620601364216,COMPLETE
39,39,-0.19607201456242662,2020-08-27 18:39:15.357532,2020-08-27 19:00:06.072916,0 days 00:20:50.715384000,0.479588665687152,0.126651913420034,0.2623664651971528,0.6857527245345126,0.054316657566482476,COMPLETE
40,40,-0.20121370882499942,2020-08-27 19:00:06.073372,2020-08-27 19:13:41.219046,0 days 00:13:35.145674000,0.21732478453932963,0.3361056918612609,0.825708997781067,0.0542105408050747,0.3343830449492039,COMPLETE
41,41,-0.22554815361082425,2020-08-27 19:13:41.219540,2020-08-27 19:36:02.718279,0 days 00:22:21.498739000,0.49460712871889906,0.42328836123031827,0.002187018295364691,0.9591945548483979,0.19479558066859606,COMPLETE
42,42,-0.22404603125848424,2020-08-27 19:36:02.718738,2020-08-27 19:58:28.081665,0 days 00:22:25.362927000,0.49962618206908804,0.4653248506652633,0.03684700070339098,0.9573121276846143,0.22417150228986102,COMPLETE
43,43,-0.22517419247478415,2020-08-27 19:58:28.082132,2020-08-27 20:19:27.699017,0 days 00:20:59.616885000,0.45698925207165286,0.43094634600872095,0.003082263378295129,0.8612354921075848,0.1570173453415813,COMPLETE
44,44,-0.22122762211326702,2020-08-27 20:19:27.699480,2020-08-27 20:38:20.238468,0 days 00:18:52.538988000,0.41133461184083064,0.4757865808696371,0.046057392061312576,0.9527991676738771,0.08331337170278205,COMPLETE
45,45,-0.2088455470648552,2020-08-27 20:38:20.238934,2020-08-27 20:59:16.795558,0 days 00:20:56.556624000,0.479419981638658,0.388006695742518,0.09953123182161659,0.4295791887612913,0.4063705875585519,COMPLETE
46,46,-0.20242642510436554,2020-08-27 20:59:16.796029,2020-08-27 21:18:36.777598,0 days 00:19:19.981569000,0.4371289226635097,0.25962762860110994,0.17075820772159414,0.8883758993694784,0.27715725993381746,COMPLETE
47,47,-0.21644680627948898,2020-08-27 21:18:36.778054,2020-08-27 21:37:09.324767,0 days 00:18:32.546713000,0.3830746915195834,0.4844650943055189,0.04597779907642786,0.5051564907141022,0.07867762763496772,COMPLETE
48,48,-0.2111804539812815,2020-08-27 21:37:09.325224,2020-08-27 21:57:58.305123,0 days 00:20:48.979899000,0.4727489373106584,0.450506097417745,0.2165948856817427,0.9604890125940471,0.19364947546738526,COMPLETE
49,49,-0.21149260320226784,2020-08-27 21:57:58.305629,2020-08-27 22:19:28.022230,0 days 00:21:29.716601000,0.4969812739692456,0.3607721306664009,0.1032755604627144,0.7996977917439246,0.49892873124453796,COMPLETE
