,number,value,datetime_start,datetime_complete,duration,params_alpha,params_beta,params_gamma1,params_gamma2,params_gamma3,state
0,0,-0.18693734662764466,2020-08-21 16:03:11.136571,2020-08-21 16:22:01.808713,0 days 00:18:50.672142000,0.39511831071605075,0.055155539416877564,0.5153572039908685,0.8671512737408003,0.3522476036557577,COMPLETE
1,1,-0.19368393725332014,2020-08-21 16:22:01.809211,2020-08-21 16:38:37.436427,0 days 00:16:35.627216000,0.2994945019835889,0.12480311535645061,0.700232382477979,0.2377656374284841,0.7019970362810646,COMPLETE
2,2,-0.1967590444080201,2020-08-21 16:38:37.436881,2020-08-21 16:55:01.702808,0 days 00:16:24.265927000,0.32870410989609405,0.1877033733954035,0.8314908767421934,0.11050623397073633,0.5886332979841004,COMPLETE
3,3,-0.20023912888826456,2020-08-21 16:55:01.703268,2020-08-21 17:11:37.095830,0 days 00:16:35.392562000,0.3415763163096462,0.4757705590184289,0.31076901485627995,0.39127323934947555,0.414442214631518,COMPLETE
4,4,-0.20201651418890498,2020-08-21 17:11:37.096272,2020-08-21 17:29:05.964840,0 days 00:17:28.868568000,0.38944628039890944,0.49472992635469315,0.13372515384271844,0.12481393547121189,0.41027071575485596,COMPLETE
5,5,-0.18483468417495966,2020-08-21 17:29:05.965282,2020-08-21 17:50:31.284746,0 days 00:21:25.319464000,0.46603781000577976,0.03055847488749991,0.4191352231062323,0.8996923395803093,0.8389651190223236,COMPLETE
6,6,-0.19373696589184214,2020-08-21 17:50:31.285205,2020-08-21 18:07:27.719658,0 days 00:16:56.434453000,0.37933226189599,0.18725160725548806,0.27229494383187924,0.3544773274970533,0.07572361263331917,COMPLETE
7,7,-0.18811327183116489,2020-08-21 18:07:27.720112,2020-08-21 18:22:31.902262,0 days 00:15:04.182150000,0.2620205320340882,0.10593251747219123,0.1345152841947881,0.8773355577085172,0.7348449035590274,COMPLETE
8,8,-0.19549891170549805,2020-08-21 18:22:31.902703,2020-08-21 18:43:17.501728,0 days 00:20:45.599025000,0.4939866077884003,0.19929768924912017,0.5865497213831226,0.7373700182498366,0.5913883118080931,COMPLETE
9,9,-0.20129088740243034,2020-08-21 18:43:17.502182,2020-08-21 19:03:36.940308,0 days 00:20:19.438126000,0.4960675383672334,0.4155345896425412,0.15201459106973758,0.20746572655050632,0.29794520819031034,COMPLETE
10,10,-0.19522402428200197,2020-08-21 19:03:36.940805,2020-08-21 19:14:58.780775,0 days 00:11:21.839970000,0.12424866856751701,0.34604348363486986,0.028419196104296163,0.01113419856733365,0.19415606357392787,COMPLETE
11,11,-0.2119561453034967,2020-08-21 19:14:58.781221,2020-08-21 19:36:49.114667,0 days 00:21:50.333446000,0.4959590032633943,0.47887710127278643,0.025362412659767367,0.1315232672860659,0.22525726974385113,COMPLETE
12,12,-0.21580987881076918,2020-08-21 19:36:49.115166,2020-08-21 19:48:15.174365,0 days 00:11:26.059199000,0.15319050665410355,0.4672894322594068,0.009992800951735749,0.6487043120588047,0.092908549813978,COMPLETE
13,13,-0.21367613634153187,2020-08-21 19:48:15.174811,2020-08-21 19:59:12.803667,0 days 00:10:57.628856000,0.1505693402932945,0.35394201275949094,0.0037098085571418693,0.63506912531623,0.0012733807557223087,COMPLETE
14,14,-0.20081306598244741,2020-08-21 19:59:12.804137,2020-08-21 20:10:31.566716,0 days 00:11:18.762579000,0.1409100670680512,0.33380520395205016,0.018884866261810962,0.638216205946915,0.008046981989208932,COMPLETE
15,15,-0.1882164502577667,2020-08-21 20:10:31.567175,2020-08-21 20:18:59.537323,0 days 00:08:27.970148000,0.008279081724539256,0.3282436872521483,0.943432719248466,0.5594254899602282,0.002474397894083998,COMPLETE
16,16,-0.1956154529149184,2020-08-21 20:18:59.537779,2020-08-21 20:30:54.238414,0 days 00:11:54.700635000,0.16348365664764744,0.406193969212468,0.24046812606139756,0.7135227010752677,0.1345654971997292,COMPLETE
17,17,-0.19412779377617642,2020-08-21 20:30:54.238862,2020-08-21 20:39:52.031460,0 days 00:08:57.792598000,0.05553620702524727,0.409021193883395,0.006195197262023777,0.4884507437898761,0.009753873320662243,COMPLETE
18,18,-0.19476404360398675,2020-08-21 20:39:52.031910,2020-08-21 20:53:52.921467,0 days 00:14:00.889557000,0.20073600246783913,0.2932901856999518,0.33535476865265285,0.9970303954658924,0.9988918416786703,COMPLETE
19,19,-0.18935255732129308,2020-08-21 20:53:52.921918,2020-08-21 21:04:43.146541,0 days 00:10:50.224623000,0.07144982291015153,0.26034875004025626,0.19106193267287774,0.7472164804372033,0.11658566389241418,COMPLETE
20,20,-0.19761961108412057,2020-08-21 21:04:43.147014,2020-08-21 21:18:16.432797,0 days 00:13:33.285783000,0.21485957064120115,0.43913914958339756,0.40741599030630243,0.5411345148935544,0.25157670320112796,COMPLETE
21,21,-0.21932976790093422,2020-08-21 21:18:16.433246,2020-08-21 21:29:36.001752,0 days 00:11:19.568506000,0.11685565599279699,0.4895455735215877,0.0031667351696379993,0.6056885473776811,0.21383383703426614,COMPLETE
22,22,-0.19547512203439085,2020-08-21 21:29:36.002226,2020-08-21 21:40:38.984211,0 days 00:11:02.981985000,0.08965664323812017,0.37597603231484705,0.07932614128681974,0.633577747920648,0.08316545777776517,COMPLETE
23,23,-0.20145557606253772,2020-08-21 21:40:38.984656,2020-08-21 21:54:03.703623,0 days 00:13:24.718967000,0.18623271747749648,0.4503708974934331,0.08721449814330282,0.4372646733264598,0.1665559398459548,COMPLETE
24,24,-0.18760292556987443,2020-08-21 21:54:03.704077,2020-08-21 22:02:16.157299,0 days 00:08:12.453222000,0.010759854166255078,0.37491856998588524,0.006315101297979749,0.6217387528403434,0.006283934655887901,COMPLETE
25,25,-0.19736373347196612,2020-08-21 22:02:16.157749,2020-08-21 22:13:31.663248,0 days 00:11:15.505499000,0.111304728472364,0.49705904564720776,0.1982968646072528,0.8206373560224208,0.29511297432288347,COMPLETE
26,26,-0.20528645310290222,2020-08-21 22:13:31.663699,2020-08-21 22:27:11.775092,0 days 00:13:40.111393000,0.23031662866235258,0.44785283814004073,0.0810891751316252,0.6777895741760906,0.0778702725121399,COMPLETE
27,27,-0.19296091320740122,2020-08-21 22:27:11.775546,2020-08-21 22:38:13.989045,0 days 00:11:02.213499000,0.15260690067376095,0.3025244687518287,0.07851520096905162,0.5663875897748952,0.5063997154205515,COMPLETE
28,28,-0.1806191434724056,2020-08-21 22:38:13.989487,2020-08-21 22:46:52.763635,0 days 00:08:38.774148000,0.0485368793354618,0.37261180111643,0.20528374702539876,0.7961472963362624,0.16325506914056126,COMPLETE
29,29,-0.193269687660935,2020-08-21 22:46:52.764136,2020-08-21 23:00:36.899371,0 days 00:13:44.135235000,0.2544190919858039,0.24480749346108252,0.5582952141281973,0.9882869842819175,0.3596564669806577,COMPLETE
30,30,-0.19686949122891206,2020-08-21 23:00:36.899840,2020-08-21 23:11:30.553498,0 days 00:10:53.653658000,0.10362704022330686,0.4958296158328716,0.37866055379293817,0.3276645706025205,0.26992772132184983,COMPLETE
31,31,-0.21528933400012085,2020-08-21 23:11:30.553947,2020-08-21 23:25:33.659390,0 days 00:14:03.105443000,0.1773299090258361,0.46182170685406276,0.011835237755887018,0.47791396377682976,0.22729157449190027,COMPLETE
32,32,-0.21002020098549937,2020-08-21 23:25:33.659846,2020-08-21 23:38:56.111946,0 days 00:13:22.452100000,0.17496323349974793,0.4572797877515017,0.02104177018625204,0.461302101091997,0.04426536874137019,COMPLETE
33,33,-0.19837845443650198,2020-08-21 23:38:56.112423,2020-08-21 23:53:59.204379,0 days 00:15:03.091956000,0.28237584640426716,0.4144645074155274,0.7328687783426523,0.5854280238969921,0.20655432695079934,COMPLETE
34,34,-0.19736887420861066,2020-08-21 23:53:59.204898,2020-08-22 00:05:02.555891,0 days 00:11:03.350993000,0.13470491619799538,0.46412973315324124,0.12060017961577632,0.5085856140818052,0.3359108782574795,COMPLETE
35,35,-0.20596370483244286,2020-08-22 00:05:02.556340,2020-08-22 00:18:35.658430,0 days 00:13:33.102090000,0.22263337112598913,0.49772048580237693,0.05804320782245465,0.40190871967167724,0.40877353777815384,COMPLETE
36,36,-0.18657453067602425,2020-08-22 00:18:35.658894,2020-08-22 00:27:15.124276,0 days 00:08:39.465382000,0.034906563108634964,0.4287028168712828,0.9985406860427475,0.2939752526779267,0.13987263430909214,COMPLETE
37,37,-0.19309033281424687,2020-08-22 00:27:15.124739,2020-08-22 00:38:15.803001,0 days 00:11:00.678262000,0.08139561595689514,0.38940991315804796,0.4768805115863394,0.6761805442735944,0.09831317551211358,COMPLETE
38,38,-0.20246358799811642,2020-08-22 00:38:15.803475,2020-08-22 00:52:01.931361,0 days 00:13:46.127886000,0.19108527244661522,0.472731296903685,0.15316715131633235,0.7919024272946036,0.3694521831052846,COMPLETE
39,39,-0.19436356020665813,2020-08-22 00:52:01.931873,2020-08-22 01:04:04.407167,0 days 00:12:02.475294000,0.1646210732313259,0.36205119899614124,0.2671207961081669,0.5192184142476115,0.49446509100206915,COMPLETE
40,40,-0.19591352514141466,2020-08-22 01:04:04.407630,2020-08-22 01:19:34.545219,0 days 00:15:30.137589000,0.3002565011093866,0.29808452864209856,0.6623537141028321,0.9365232275810846,0.04499526074803739,COMPLETE
41,41,-0.22450535640987554,2020-08-22 01:19:34.545701,2020-08-22 01:40:17.647725,0 days 00:20:43.102024000,0.43921779748313783,0.4871217787680262,0.0008005577519672158,0.06876246259678354,0.22113279730900434,COMPLETE
42,42,-0.21501157605136473,2020-08-22 01:40:17.648184,2020-08-22 01:59:47.826044,0 days 00:19:30.177860000,0.4231781589494863,0.47743453634743593,0.0035998236193449037,0.04027391561745308,0.22228241525545578,COMPLETE
43,43,-0.20316906878871677,2020-08-22 01:59:47.826595,2020-08-22 02:18:49.875208,0 days 00:19:02.048613000,0.43613859141916445,0.47728963372010613,0.12497613766291263,0.007869284779541505,0.24008456914839182,COMPLETE
44,44,-0.2032851375986121,2020-08-22 02:18:49.875655,2020-08-22 02:38:27.900561,0 days 00:19:38.024906000,0.4500719574820953,0.49470322857025395,0.05491926157301807,0.06439972289630808,0.19064893642932274,COMPLETE
45,45,-0.19931832647211062,2020-08-22 02:38:27.901017,2020-08-22 02:54:46.286558,0 days 00:16:18.385541000,0.3620523282983675,0.4308108671102579,0.12027451396792395,0.1904657517432073,0.3070933756927919,COMPLETE
46,46,-0.2011304966930575,2020-08-22 02:54:46.287012,2020-08-22 03:15:03.209586,0 days 00:20:16.922574000,0.42723152186663843,0.1057127535870869,0.0011228106093040327,0.08824540637947619,0.2254622566170273,COMPLETE
47,47,-0.20157967672049076,2020-08-22 03:15:03.210052,2020-08-22 03:33:19.573023,0 days 00:18:16.362971000,0.40900692267014305,0.46983302451973774,0.17437635296510942,0.14573460555591672,0.27123422838161304,COMPLETE
48,48,-0.20727272927414633,2020-08-22 03:33:19.573490,2020-08-22 03:49:46.426323,0 days 00:16:26.852833000,0.33238920991306725,0.49872158009452827,0.05074946784858315,0.25385402520471373,0.4306801058413081,COMPLETE
49,49,-0.19978507389439498,2020-08-22 03:49:46.426795,2020-08-22 04:07:14.437358,0 days 00:17:28.010563000,0.3856534232941369,0.3953258653035453,0.22299648754501347,0.03888685006770004,0.17507650644495465,COMPLETE
