,number,value,datetime_start,datetime_complete,duration,params_alpha,params_beta,params_gamma1,params_gamma2,params_gamma3,state
0,0,-0.3248421964680671,2020-07-17 13:43:28.562204,2020-07-17 13:51:21.949925,0 days 00:07:53.387721000,0.2853829610744055,0.4817261894117155,0.6505106177070759,0.5280318012783206,0.3186939738606568,COMPLETE
1,1,-0.32158842663383846,2020-07-17 13:51:21.950585,2020-07-17 14:00:34.837724,0 days 00:09:12.887139000,0.33483439699800327,0.24159197050124015,0.7448378676323048,0.911631300959996,0.35462213897235295,COMPLETE
2,2,-0.32630767192251314,2020-07-17 14:00:34.838307,2020-07-17 14:06:56.175231,0 days 00:06:21.336924000,0.13848398281919877,0.4598968649315959,0.9754513281301052,0.5643771869330886,0.6377422580540946,COMPLETE
3,3,-0.3203014726246103,2020-07-17 14:06:56.175818,2020-07-17 14:14:15.614550,0 days 00:07:19.438732000,0.21515987851074597,0.3623411153027952,0.1805944064194811,0.36793134153334905,0.9479414795345904,COMPLETE
4,4,-0.3239733654521772,2020-07-17 14:14:15.615166,2020-07-17 14:20:33.924164,0 days 00:06:18.308998000,0.09792267726541504,0.026419675535776288,0.5622339956221588,0.4764908908961272,0.2590321339557622,COMPLETE
5,5,-0.3216758999194177,2020-07-17 14:20:33.924808,2020-07-17 14:25:18.948407,0 days 00:04:45.023599000,0.03390160314772328,0.13641511787032012,0.9541971604246172,0.6675285635960411,0.7300590620926901,COMPLETE
6,6,-0.31670463642136043,2020-07-17 14:25:18.948949,2020-07-17 14:30:05.834275,0 days 00:04:46.885326000,0.020232512331741115,0.37868170832412673,0.10675417738847948,0.8841335602671939,0.7734983748994734,COMPLETE
7,7,-0.32252425496416515,2020-07-17 14:30:05.834865,2020-07-17 14:36:43.203619,0 days 00:06:37.368754000,0.1521676263074761,0.06520423677029552,0.8223936489633282,0.8163639030722482,0.36389295780917386,COMPLETE
8,8,-0.32198747099839997,2020-07-17 14:36:43.204176,2020-07-17 14:46:40.203404,0 days 00:09:56.999228000,0.4588264932020464,0.3015378155405259,0.9090121262478726,0.9964092960164219,0.28456142814675,COMPLETE
9,9,-0.3320418868479043,2020-07-17 14:46:40.204039,2020-07-17 14:56:01.212113,0 days 00:09:21.008074000,0.4515532681785247,0.45845637063217115,0.9007945462426775,0.22190004286339227,0.6785668579873518,COMPLETE
10,10,-0.3407888391126585,2020-07-17 14:56:01.212684,2020-07-17 15:07:02.692923,0 days 00:11:01.480239000,0.4992058459253008,0.19467726280004707,0.3328031670158327,0.013255069546989684,0.987900406879073,COMPLETE
11,11,-0.34361114219295946,2020-07-17 15:07:02.693488,2020-07-17 15:18:13.737573,0 days 00:11:11.044085000,0.4984678000248249,0.18499241766620306,0.3361229114506654,0.0033555000447257205,0.9961297084515478,COMPLETE
12,12,-0.33077705911248856,2020-07-17 15:18:13.738103,2020-07-17 15:27:46.366307,0 days 00:09:32.628204000,0.3819943954364047,0.1741766786218402,0.3526357032219163,0.07578966022466851,0.9990621621225081,COMPLETE
13,13,-0.33360565164696315,2020-07-17 15:27:46.366915,2020-07-17 15:38:47.930273,0 days 00:11:01.563358000,0.4960101994205164,0.17791632805933105,0.3352611542397585,0.049741953990050096,0.046533564093339586,COMPLETE
14,14,-0.32419869582456645,2020-07-17 15:38:47.930838,2020-07-17 15:48:57.358170,0 days 00:10:09.427332000,0.4037455809873485,0.11098808176376346,0.3717242895386347,0.2132717664726643,0.9015293863381771,COMPLETE
15,15,-0.32222374436953705,2020-07-17 15:48:57.358723,2020-07-17 16:00:13.666372,0 days 00:11:16.307649000,0.4936798468607412,0.23663520928753207,0.013594603855150433,0.012324994875297188,0.901837534278962,COMPLETE
16,16,-0.32403257948197955,2020-07-17 16:00:13.666958,2020-07-17 16:09:44.346500,0 days 00:09:30.679542000,0.37894340256978176,0.2792163050770601,0.22653720073875117,0.1749237858921964,0.5427927088327308,COMPLETE
17,17,-0.32201944342994204,2020-07-17 16:09:44.347213,2020-07-17 16:24:33.597272,0 days 00:14:49.250059000,0.4994367562815889,0.00028414945518673296,0.4660058393353617,0.32636818832542486,0.8172235348475207,COMPLETE
18,18,-0.33145042155055676,2020-07-17 16:24:33.597846,2020-07-17 16:34:33.110555,0 days 00:09:59.512709000,0.43379620673116964,0.19536301278208873,0.498515019826996,0.09650232385181279,0.9859072713245025,COMPLETE
19,19,-0.3207422616892081,2020-07-17 16:34:33.111144,2020-07-17 16:44:11.845984,0 days 00:09:38.734840000,0.31342919446869416,0.10781951798641241,0.24871934361164244,0.3518948501506158,0.8272229229848564,COMPLETE
20,20,-0.3194450880410628,2020-07-17 16:44:11.846552,2020-07-17 16:51:43.552521,0 days 00:07:31.705969000,0.21208545199281842,0.3395809140760667,0.045286764397145074,0.13018696578874117,0.020250533157551764,COMPLETE
21,21,-0.3381660644310602,2020-07-17 16:51:43.553113,2020-07-17 17:02:46.669360,0 days 00:11:03.116247000,0.4900556498419244,0.1870763321848472,0.3491698398865001,0.022776272227353955,0.08920335768700038,COMPLETE
22,22,-0.34131762420026707,2020-07-17 17:02:46.669964,2020-07-17 17:13:45.205838,0 days 00:10:58.535874000,0.4899374788873991,0.19296326379035175,0.4210745416711317,0.014118153915229276,0.15235428618093894,COMPLETE
23,23,-0.3238523410664471,2020-07-17 17:13:45.206393,2020-07-17 17:23:18.535997,0 days 00:09:33.329604000,0.416835751927798,0.22644546243922456,0.4418506249547868,0.25840958679704545,0.1919180222589601,COMPLETE
24,24,-0.34177344646981483,2020-07-17 17:23:18.536474,2020-07-17 17:34:01.141843,0 days 00:10:42.605369000,0.4680005791389944,0.13790844055329451,0.5763033057144726,0.014144206142375661,0.4817406850326673,COMPLETE
25,25,-0.33083529446484156,2020-07-17 17:34:01.142393,2020-07-17 17:43:11.931727,0 days 00:09:10.789334000,0.35661604572818667,0.14061918424190817,0.5928261089869086,0.13419904813003264,0.45911123018277517,COMPLETE
26,26,-0.32570896397086413,2020-07-17 17:43:11.932260,2020-07-17 17:54:25.337641,0 days 00:11:13.405381000,0.4618979683929731,0.061012622471590214,0.6832059202156984,0.26515097202969395,0.4975801488865907,COMPLETE
27,27,-0.3406157830572495,2020-07-17 17:54:25.338103,2020-07-17 18:05:05.852032,0 days 00:10:40.513929000,0.42725088267398215,0.09122304262847584,0.5471790729167587,0.025337911527909908,0.1407086033588807,COMPLETE
28,28,-0.3291233026793204,2020-07-17 18:05:05.852585,2020-07-17 18:12:44.211088,0 days 00:07:38.358503000,0.2729697933688169,0.30070515746978915,0.4186713312718625,0.154426652752514,0.5737398173879862,COMPLETE
29,29,-0.31907310634434094,2020-07-17 18:12:44.211828,2020-07-17 18:25:20.218129,0 days 00:12:36.006301000,0.4760192457396685,0.14644106532682566,0.2502550583767028,0.45439818746293936,0.4242480528888203,COMPLETE
