,number,value,datetime_start,datetime_complete,duration,params_alpha,params_beta,params_gamma1,params_gamma2,params_gamma3,state
0,0,-0.31329082316821555,2020-07-12 03:10:45.360738,2020-07-12 03:17:12.853740,0 days 00:06:27.493002000,0.11502484733981155,0.2950145753307418,0.9685662102392472,0.7306808559849974,0.6528674842604187,COMPLETE
1,1,-0.31371837460451774,2020-07-12 03:17:12.854316,2020-07-12 03:27:08.797343,0 days 00:09:55.943027000,0.44776172818966437,0.32274267945477964,0.8899323298939507,0.8456304713691256,0.2253000712500337,COMPLETE
2,2,-0.31109663025390105,2020-07-12 03:27:08.797888,2020-07-12 03:37:00.064578,0 days 00:09:51.266690000,0.35942268978347547,0.17427293639666352,0.530722160401275,0.9409721006254814,0.35172554752494045,COMPLETE
3,3,-0.31439592529971067,2020-07-12 03:37:00.065124,2020-07-12 03:45:03.785194,0 days 00:08:03.720070000,0.307650567206068,0.43282213390132207,0.7173447595589186,0.3483061844970262,0.20264928754495115,COMPLETE
4,4,-0.3153637645585155,2020-07-12 03:45:03.786154,2020-07-12 03:53:15.971374,0 days 00:08:12.185220000,0.2774975710104248,0.18189051699553815,0.9159717769351893,0.09656908931532326,0.6819320924458233,COMPLETE
5,5,-0.3102356948143435,2020-07-12 03:53:15.971866,2020-07-12 03:58:12.210947,0 days 00:04:56.239081000,0.026657657869625706,0.2966616585304885,0.716759060254331,0.023457405507588236,0.02571651260920138,COMPLETE
6,6,-0.3111010735134764,2020-07-12 03:58:12.211481,2020-07-12 04:06:50.725441,0 days 00:08:38.513960000,0.3175360179917253,0.24636002354306374,0.5604375344923141,0.9536102761963617,0.359030906754253,COMPLETE
7,7,-0.31289503645544675,2020-07-12 04:06:50.725977,2020-07-12 04:13:18.476670,0 days 00:06:27.750693000,0.1451568965865503,0.4167703728543134,0.2393106708335211,0.2070025279321155,0.9665839412169231,COMPLETE
8,8,-0.310319661171638,2020-07-12 04:13:18.477196,2020-07-12 04:23:13.186393,0 days 00:09:54.709197000,0.4392328081023187,0.3411646159483746,0.09635714043366506,0.21669986516350648,0.39171462645668886,COMPLETE
9,9,-0.31508778505582014,2020-07-12 04:23:13.186915,2020-07-12 04:31:37.297163,0 days 00:08:24.110248000,0.2718261864945588,0.09348973841098607,0.514593745272183,0.12412758041165783,0.2133950016051036,COMPLETE
10,10,-0.31138185481931757,2020-07-12 04:31:37.298063,2020-07-12 04:39:45.498424,0 days 00:08:08.200361000,0.18222676157677564,0.010360682406132388,0.3297604709173787,0.5783429851452901,0.7470676293410954,COMPLETE
11,11,-0.31557414246817356,2020-07-12 04:39:45.498931,2020-07-12 04:47:50.821787,0 days 00:08:05.322856000,0.24112427214404653,0.07449377786779346,0.7950500525225921,0.011805850635127207,0.6419038239404562,COMPLETE
12,12,-0.3166205397155838,2020-07-12 04:47:50.822315,2020-07-12 04:55:52.378636,0 days 00:08:01.556321000,0.21472262412714838,0.09502598567492418,0.8470890883441441,0.04850441704798572,0.6945376090469934,COMPLETE
13,13,-0.3138287749525017,2020-07-12 04:55:52.379134,2020-07-12 05:03:53.829005,0 days 00:08:01.449871000,0.2042777914548363,0.004808332786057523,0.7731857072696134,0.41898674522110274,0.875573540971017,COMPLETE
14,14,-0.31700688209739397,2020-07-12 05:03:53.829623,2020-07-12 05:10:17.023755,0 days 00:06:23.194132000,0.07244812340577331,0.07124790665321623,0.8094529397798145,0.03909766120937939,0.5891905618383017,COMPLETE
15,15,-0.31272742758466854,2020-07-12 05:10:17.024340,2020-07-12 05:15:09.039699,0 days 00:04:52.015359000,0.01671641644792561,0.10497622006610338,0.9780080083845198,0.3204123328225743,0.5210836700174133,COMPLETE
16,16,-0.3132469811967308,2020-07-12 05:15:09.040253,2020-07-12 05:21:36.490450,0 days 00:06:27.450197000,0.07962139111952202,0.17094422139415288,0.6307482730458096,0.5933130309178242,0.8198382908695833,COMPLETE
17,17,-0.3164734793645779,2020-07-12 05:21:36.490980,2020-07-12 05:27:59.787775,0 days 00:06:23.296795000,0.056985767315569674,0.04519107513513078,0.40497243067671723,0.006179060849824891,0.534500869448323,COMPLETE
18,18,-0.3136868791694436,2020-07-12 05:27:59.788344,2020-07-12 05:34:26.191645,0 days 00:06:26.403301000,0.13525889284524806,0.1269755191111392,0.811894997928331,0.2083447586400767,0.982405992188425,COMPLETE
19,19,-0.31701900943439176,2020-07-12 05:34:26.192137,2020-07-12 05:42:17.789300,0 days 00:07:51.597163000,0.19036481907837421,0.21932109536057198,0.6526126288488379,0.11461668128153232,0.586189140673576,COMPLETE
20,20,-0.31420771190168656,2020-07-12 05:42:17.790149,2020-07-12 05:48:43.909876,0 days 00:06:26.119727000,0.08609057232971586,0.24827597365332144,0.6338562025387334,0.2994536562688948,0.5635752259838501,COMPLETE
21,21,-0.3163482984397671,2020-07-12 05:48:43.910450,2020-07-12 05:56:45.813958,0 days 00:08:01.903508000,0.19083894736434392,0.1337933835675703,0.8783613575715102,0.11108195144123119,0.7684653230419535,COMPLETE
22,22,-0.31682227524123296,2020-07-12 05:56:45.814605,2020-07-12 06:04:46.501713,0 days 00:08:00.687108000,0.21355453869047128,0.2122935201685616,0.6397106067008655,0.010873354807667393,0.601936381940868,COMPLETE
23,23,-0.31290261896220606,2020-07-12 06:04:46.502302,2020-07-12 06:11:15.603822,0 days 00:06:29.101520000,0.1600731473986132,0.21277116550218675,0.6295296644906345,0.15110558519562284,0.4725323362795461,COMPLETE
24,24,-0.31616651345510605,2020-07-12 06:11:15.604397,2020-07-12 06:19:35.493136,0 days 00:08:19.888739000,0.391760760682608,0.4897176906303811,0.4218124725042429,0.03249538244181747,0.5996638892513683,COMPLETE
25,25,-0.3145805225384269,2020-07-12 06:19:35.494007,2020-07-12 06:27:40.900665,0 days 00:08:05.406658000,0.2332481784908199,0.2045479224635515,0.7098254801047924,0.2741239773377925,0.42354909869932095,COMPLETE
26,26,-0.31359391694638256,2020-07-12 06:27:40.901224,2020-07-12 06:34:08.209482,0 days 00:06:27.308258000,0.11013900135279073,0.3832738922714942,0.5948945633189391,0.42900572421674943,0.8733829967778433,COMPLETE
27,27,-0.3144813955331415,2020-07-12 06:34:08.210047,2020-07-12 06:39:00.547044,0 days 00:04:52.336997000,0.004130305953445518,0.0465751826005682,0.4280182818121818,0.15970157706411148,0.4738464262267207,COMPLETE
28,28,-0.31338302957324843,2020-07-12 06:39:00.547580,2020-07-12 06:45:31.686072,0 days 00:06:31.138492000,0.16311942914168082,0.2597589016107744,0.6825771211528389,0.08651632478007984,0.590024298599762,COMPLETE
29,29,-0.3112366427149415,2020-07-12 06:45:31.686668,2020-07-12 06:51:08.950325,0 days 00:05:37.263657000,0.06113740332318429,0.14956886956117837,0.9906534481769174,0.7178408825952775,0.2892384073117934,COMPLETE
