,number,value,datetime_start,datetime_complete,duration,params_alpha,params_beta,params_gamma1,params_gamma2,params_gamma3,state
0,0,-0.3410340227934139,2020-07-08 13:19:37.181690,2020-07-08 13:26:32.666729,0 days 00:06:55.485039000,0.1432433668501249,0.11561183520856794,0.5739159172673176,0.2902991326487391,0.6844983415570296,COMPLETE
1,1,-0.3391661479638124,2020-07-08 13:26:32.670186,2020-07-08 13:37:50.655413,0 days 00:11:17.985227000,0.33630658952118775,0.1144150572210621,0.2426198687037351,0.14737199291659553,0.3636497259429655,COMPLETE
2,2,-0.3404086787046302,2020-07-08 13:37:50.658364,2020-07-08 13:42:34.086033,0 days 00:04:43.427669000,0.033674799223865515,0.24979023516532006,0.4424207515535349,0.9044744725889364,0.15497418440585475,COMPLETE
3,3,-0.340291788006564,2020-07-08 13:42:34.090928,2020-07-08 13:49:00.403996,0 days 00:06:26.313068000,0.10887722000080369,0.15243452094915877,0.27178079390103693,0.27661661647448277,0.7033330901962457,COMPLETE
4,4,-0.3412877023321439,2020-07-08 13:49:00.407859,2020-07-08 13:55:21.657206,0 days 00:06:21.249347000,0.12964690296164477,0.1092852441749631,0.9979725188211145,0.43514219949910393,0.7130592109682905,COMPLETE
5,5,-0.335520653008049,2020-07-08 13:55:21.659805,2020-07-08 14:00:19.243198,0 days 00:04:57.583393000,0.03851251652169879,0.03282526712003808,0.6300360959877147,0.4242687683956089,0.7740210244134162,COMPLETE
6,6,-0.34537990623519055,2020-07-08 14:00:19.246381,2020-07-08 14:08:32.344422,0 days 00:08:13.098041000,0.2640479360950401,0.1035834473699287,0.7551997607971873,0.10516358012428961,0.6382802315423086,COMPLETE
7,7,-0.33696560020294125,2020-07-08 14:08:32.347730,2020-07-08 14:22:13.104551,0 days 00:13:40.756821000,0.4023600195136038,0.161630204599082,0.8117794754184751,0.5839986112553086,0.07159410104860897,COMPLETE
8,8,-0.32589646670221856,2020-07-08 14:22:13.108066,2020-07-08 14:29:30.846333,0 days 00:07:17.738267000,0.13335053001666008,0.016637864044392825,0.738676272321947,0.9953763918388773,0.08847934979772654,COMPLETE
9,9,-0.3332600385860409,2020-07-08 14:29:30.850377,2020-07-08 14:58:22.264633,0 days 00:28:51.414256000,0.4918693712651294,0.0961891838354918,0.11375701849518371,0.9040933571530814,0.6618623561491879,COMPLETE
10,10,-0.33788946550842325,2020-07-08 14:58:22.268241,2020-07-08 15:06:03.450644,0 days 00:07:41.182403000,0.25361845427400354,0.4918911484277297,0.9946795475540051,0.003114432139817769,0.9965336035959392,COMPLETE
11,11,-0.34157636464486585,2020-07-08 15:06:03.454844,2020-07-08 15:14:13.094301,0 days 00:08:09.639457000,0.23600369302735782,0.26255174208587073,0.9769581121880047,0.6479889095972459,0.45924604355695786,COMPLETE
12,12,-0.34174170744581595,2020-07-08 15:14:13.097608,2020-07-08 15:22:16.310591,0 days 00:08:03.212983000,0.24718593841203973,0.41239683760435214,0.8782990946094014,0.7237109621804174,0.4502293395358723,COMPLETE
13,13,-0.34220767211783476,2020-07-08 15:22:16.313160,2020-07-08 15:30:14.170446,0 days 00:07:57.857286000,0.25286917247084806,0.46715921633199897,0.837095640906723,0.7265413762039051,0.3012862889706577,COMPLETE
14,14,-0.3410540498210897,2020-07-08 15:30:14.172810,2020-07-08 15:39:43.535509,0 days 00:09:29.362699000,0.33670244980912384,0.377120299554231,0.7164713426326992,0.7736570859760563,0.25123426162903706,COMPLETE
15,15,-0.3401354553149141,2020-07-08 15:39:43.538998,2020-07-08 15:47:41.509921,0 days 00:07:57.970923000,0.317282408863374,0.495571031982027,0.4442188314431064,0.02299359619562781,0.9064971738928829,COMPLETE
16,16,-0.3417751745091032,2020-07-08 15:47:41.513114,2020-07-08 15:55:43.581773,0 days 00:08:02.068659000,0.20854558158881953,0.25491286770964267,0.8612146717592785,0.5317476583872639,0.5793289673149017,COMPLETE
17,17,-0.3401609454627703,2020-07-08 15:55:43.584516,2020-07-08 16:07:32.898721,0 days 00:11:49.314205000,0.4271724872790905,0.34626400867066753,0.6581852578140867,0.8015090350573818,0.35064592842089626,COMPLETE
18,18,-0.34277470652978725,2020-07-08 16:07:32.902106,2020-07-08 16:16:00.548076,0 days 00:08:27.645970000,0.29033478898758425,0.20226630807248808,0.5293608508135552,0.15070759335387618,0.5400247091642147,COMPLETE
19,19,-0.3429761911842724,2020-07-08 16:16:00.551559,2020-07-08 16:25:51.619588,0 days 00:09:51.068029000,0.38763893227517143,0.20728622989051124,0.5243447920032724,0.12278903137848672,0.833382655051662,COMPLETE
20,20,-0.33338762850568826,2020-07-08 16:25:51.622978,2020-07-08 16:38:54.959152,0 days 00:13:03.336174000,0.3934854635815819,0.04871663374237839,0.3259112618237492,0.16768720161675582,0.8543944347987111,COMPLETE
21,21,-0.3436869749320693,2020-07-08 16:38:54.962502,2020-07-08 16:47:15.737569,0 days 00:08:20.775067000,0.293903636951694,0.19695014022550542,0.5608348430744048,0.11612529271307254,0.5752238074499213,COMPLETE
22,22,-0.34304901842783775,2020-07-08 16:47:15.742090,2020-07-08 16:58:19.407373,0 days 00:11:03.665283000,0.47240099454211604,0.19538676601860333,0.4229963444365532,0.07606360670545359,0.8466563066337138,COMPLETE
23,23,-0.34240843612245203,2020-07-08 16:58:19.410216,2020-07-08 17:08:43.310419,0 days 00:10:23.900203000,0.47159535177608514,0.30406499994224395,0.43129642910524246,0.053680675312853685,0.6031578181079171,COMPLETE
24,24,-0.3412992355952649,2020-07-08 17:08:43.313187,2020-07-08 17:16:16.678210,0 days 00:07:33.365023000,0.17303837487404472,0.19374026799863076,0.3670398156919913,0.27288611202217355,0.8920093152026258,COMPLETE
25,25,-0.34570817667239406,2020-07-08 17:16:16.681187,2020-07-08 17:25:22.390527,0 days 00:09:05.709340000,0.29717624173478435,0.05876368235279354,0.6071380974224739,0.0744930402372126,0.9984407575622174,COMPLETE
26,26,-0.3401956033912176,2020-07-08 17:25:22.394207,2020-07-08 17:35:14.825889,0 days 00:09:52.431682000,0.3194751203031868,0.06754732322945314,0.6149629957826405,0.23317156608678077,0.4907546163726896,COMPLETE
27,27,-0.3380792291536892,2020-07-08 17:35:14.829733,2020-07-08 17:45:00.833669,0 days 00:09:46.003936000,0.2904326322949804,0.06864452503502393,0.7034329226213689,0.37413405755774537,0.9825110532138928,COMPLETE
28,28,-0.32207635203987917,2020-07-08 17:45:00.836482,2020-07-08 17:52:47.205333,0 days 00:07:46.368851000,0.19691020966095127,0.0030151802326411903,0.7662642608856028,0.22348826905108318,0.6199231685928899,COMPLETE
29,29,-0.3393116507941756,2020-07-08 17:52:47.210000,2020-07-08 18:03:49.918543,0 days 00:11:02.708543000,0.3536531733384838,0.1568355305025234,0.5740855728621925,0.3432041503324452,0.7444540351958233,COMPLETE
