,number,value,datetime_start,datetime_complete,duration,params_alpha,params_beta,params_gamma1,params_gamma2,params_gamma3,state
0,0,-0.17337255592197365,2020-09-20 21:21:18.180697,2020-09-20 21:21:53.520052,0 days 00:00:35.339355000,0.0188277670076219,0.034512287521763496,0.8171854042114213,0.3731061647468158,0.11690462216471398,COMPLETE
1,1,-0.1943836400590464,2020-09-20 21:21:53.520504,2020-09-20 21:22:36.348792,0 days 00:00:42.828288000,0.49408018516566604,0.3369445668839799,0.6566829271804078,0.26968251373212193,0.7403272162578906,COMPLETE
2,2,-0.17153279624949233,2020-09-20 21:22:36.349216,2020-09-20 21:23:11.679876,0 days 00:00:35.330660000,0.020734201664308782,0.009018126855079578,0.03229297368171258,0.10502874418525476,0.9507316232100228,COMPLETE
3,3,-0.18669435377924282,2020-09-20 21:23:11.680305,2020-09-20 21:23:50.017313,0 days 00:00:38.337008000,0.10443544000593513,0.3168958279864362,0.9246210430610821,0.9286141972035638,0.19561160790419685,COMPLETE
4,4,-0.19343306474622737,2020-09-20 21:23:50.017736,2020-09-20 21:24:32.553298,0 days 00:00:42.535562000,0.4671858784007003,0.30837251878816313,0.6273865903497475,0.9660174664110557,0.3443208146523342,COMPLETE
5,5,-0.1883355199665866,2020-09-20 21:24:32.553729,2020-09-20 21:25:11.025145,0 days 00:00:38.471416000,0.1223739437867144,0.3452486795773104,0.6777804095291652,0.14990047087264713,0.043624000230437776,COMPLETE
6,6,-0.18759149860580207,2020-09-20 21:25:11.025573,2020-09-20 21:25:53.250890,0 days 00:00:42.225317000,0.4181656606365042,0.15797673618228197,0.7129285240534726,0.377870729474868,0.24339991630914093,COMPLETE
7,7,-0.18081177632414755,2020-09-20 21:25:53.251311,2020-09-20 21:26:29.715374,0 days 00:00:36.464063000,0.06568470285412298,0.19247135959835165,0.46237002060604193,0.3330106182313908,0.10112043768076895,COMPLETE
8,8,-0.18881087123855825,2020-09-20 21:26:29.715788,2020-09-20 21:27:11.186538,0 days 00:00:41.470750000,0.404245523955365,0.18508010122612978,0.7633161543696222,0.6833414826817322,0.25764767364837715,COMPLETE
9,9,-0.18192991354737093,2020-09-20 21:27:11.186986,2020-09-20 21:27:51.592044,0 days 00:00:40.405058000,0.2634791747469457,0.10596367900650755,0.3650538607528907,0.643323850310427,0.47422645775342476,COMPLETE
10,10,-0.19477879912011492,2020-09-20 21:27:51.592469,2020-09-20 21:28:32.815839,0 days 00:00:41.223370000,0.2909254448386775,0.4951419410172967,0.2373858022146877,0.04775385144593686,0.8372065754945544,COMPLETE
11,11,-0.19463554608513306,2020-09-20 21:28:32.816262,2020-09-20 21:29:13.705607,0 days 00:00:40.889345000,0.27450402118416417,0.4985266318554487,0.18536513008643812,0.005369430591016522,0.8788459669245366,COMPLETE
12,12,-0.19461211069454853,2020-09-20 21:29:13.706032,2020-09-20 21:29:54.184189,0 days 00:00:40.478157000,0.27100591628300785,0.4985811980734176,0.15504346830410015,0.05119865347391839,0.9429974569930318,COMPLETE
13,13,-0.19358638120492694,2020-09-20 21:29:54.184611,2020-09-20 21:30:33.451789,0 days 00:00:39.267178000,0.20301476700419474,0.49951037943728605,0.2695587413145687,0.04468237681711815,0.738300265542269,COMPLETE
14,14,-0.19507229321091923,2020-09-20 21:30:33.452217,2020-09-20 21:31:14.548587,0 days 00:00:41.096370000,0.32284941476578777,0.42941762434083275,0.035863241481196045,0.20260960669596492,0.7649441079208564,COMPLETE
15,15,-0.2016426542189324,2020-09-20 21:31:14.549019,2020-09-20 21:31:55.848643,0 days 00:00:41.299624000,0.3539557898144794,0.4200058892850202,0.017678897451481993,0.2110897533424392,0.7037809246776182,COMPLETE
16,16,-0.194277452881852,2020-09-20 21:31:55.849073,2020-09-20 21:32:37.100871,0 days 00:00:41.251798000,0.3546493637841448,0.40300411940059416,0.09901268415391508,0.22276146393125362,0.6349445627364314,COMPLETE
17,17,-0.21526585418340322,2020-09-20 21:32:37.101345,2020-09-20 21:33:17.816307,0 days 00:00:40.714962000,0.3681649441715641,0.4146560280776287,0.006998778481926048,0.47470351663235333,0.46489606893131297,COMPLETE
18,18,-0.20899743613022145,2020-09-20 21:33:17.816753,2020-09-20 21:33:56.053917,0 days 00:00:38.237164000,0.1999647514423202,0.41100145980073527,0.011056290003619913,0.5268706192424107,0.5098882621886788,COMPLETE
19,19,-0.18792964943039014,2020-09-20 21:33:56.054364,2020-09-20 21:34:34.175102,0 days 00:00:38.120738000,0.1850667255313143,0.2719185538707313,0.318117978680235,0.5521210650375649,0.5065042739166592,COMPLETE
20,20,-0.19202448597259766,2020-09-20 21:34:34.175552,2020-09-20 21:35:12.560661,0 days 00:00:38.385109000,0.20749677963772384,0.3823846502042191,0.48859017988091974,0.7535199557697392,0.4896702043458522,COMPLETE
21,21,-0.21529573513760725,2020-09-20 21:35:12.561105,2020-09-20 21:35:53.162437,0 days 00:00:40.601332000,0.370788952499606,0.44727601965073793,0.009312248051661379,0.5035957339648963,0.6076663547462245,COMPLETE
22,22,-0.21744379014276422,2020-09-20 21:35:53.162857,2020-09-20 21:36:33.554671,0 days 00:00:40.391814000,0.4107503054982378,0.45567831549856647,0.002752871770098344,0.49729888011973455,0.5871988355861056,COMPLETE
23,23,-0.19647053438224385,2020-09-20 21:36:33.555166,2020-09-20 21:37:14.234514,0 days 00:00:40.679348000,0.41976099444024767,0.45659079494935206,0.11447141792664287,0.4520020071179023,0.5963239843933925,COMPLETE
24,24,-0.1977259843540184,2020-09-20 21:37:14.234982,2020-09-20 21:37:54.645170,0 days 00:00:40.410188000,0.45996126145071436,0.45621077691246653,0.10389777462282974,0.46115512646176926,0.40178198860174275,COMPLETE
25,25,-0.19351736029054362,2020-09-20 21:37:54.645616,2020-09-20 21:38:35.220206,0 days 00:00:40.574590000,0.37565370129694453,0.36366397022324737,0.3988090004783435,0.597757574354872,0.6100716812982374,COMPLETE
26,26,-0.19471908486516148,2020-09-20 21:38:35.220663,2020-09-20 21:39:15.621275,0 days 00:00:40.400612000,0.312121111944415,0.4630687946417973,0.20978535324851666,0.8035007076715859,0.41787864762417204,COMPLETE
27,27,-0.21820743852867003,2020-09-20 21:39:15.621728,2020-09-20 21:39:56.265744,0 days 00:00:40.644016000,0.45300684410974745,0.2499596555308795,0.0002829491041947789,0.47340099567159744,0.5561794741708639,COMPLETE
28,28,-0.1925053617497436,2020-09-20 21:39:56.266193,2020-09-20 21:40:36.601296,0 days 00:00:40.335103000,0.4667235586346875,0.24651701199046583,0.08999677125657315,0.40251614495873467,0.5703362189841412,COMPLETE
29,29,-0.19277894256176772,2020-09-20 21:40:36.601748,2020-09-20 21:41:17.241770,0 days 00:00:40.640022000,0.4467504426085685,0.27515042007990065,0.575112950978535,0.3155683971644613,0.6732326534523263,COMPLETE
30,30,-0.19226932207178213,2020-09-20 21:41:17.242220,2020-09-20 21:41:57.666640,0 days 00:00:40.424420000,0.49382899343743203,0.23092121673505328,0.9888040027554462,0.5793624036974699,0.5606449749160193,COMPLETE
31,31,-0.19497332270427664,2020-09-20 21:41:57.667105,2020-09-20 21:42:38.312670,0 days 00:00:40.645565000,0.3764076639345664,0.10761108894971108,0.005391899423679229,0.47492251901997445,0.3822134301680434,COMPLETE
32,32,-0.19937798889155195,2020-09-20 21:42:38.313128,2020-09-20 21:43:18.803346,0 days 00:00:40.490218000,0.49900807781006934,0.37685777500891693,0.06152976567278083,0.5116754968283976,0.6584431850124293,COMPLETE
33,33,-0.21686853215197593,2020-09-20 21:43:18.803803,2020-09-20 21:43:59.523309,0 days 00:00:40.719506000,0.3912834101457524,0.4590657872176766,0.005691978281727861,0.6672449709954689,0.3358232206660625,COMPLETE
34,34,-0.1965480116310503,2020-09-20 21:43:59.523790,2020-09-20 21:44:39.897057,0 days 00:00:40.373267000,0.4022488152796524,0.4632836238448081,0.1500676448813096,0.6912616381559177,0.3247965587705688,COMPLETE
35,35,-0.21663549576475893,2020-09-20 21:44:39.897506,2020-09-20 21:45:20.493341,0 days 00:00:40.595835000,0.43548550887297716,0.30587194880759433,0.0036956191781900294,0.8513296879975198,0.5396756089457324,COMPLETE
36,36,-0.1932137843112834,2020-09-20 21:45:20.493795,2020-09-20 21:46:00.837522,0 days 00:00:40.343727000,0.44133513805121005,0.300552148172346,0.28088923775501123,0.864424951071523,0.3160682609456742,COMPLETE
37,37,-0.19159255030361313,2020-09-20 21:46:00.837992,2020-09-20 21:46:41.473657,0 days 00:00:40.635665000,0.4952673484342369,0.20813156797969162,0.8600380299099711,0.8996747719752982,0.5484854488657515,COMPLETE
38,38,-0.19430439524066015,2020-09-20 21:46:41.474110,2020-09-20 21:47:21.849494,0 days 00:00:40.375384000,0.436251393545933,0.3334384891235647,0.15348894345956635,0.80209372575058,0.17363271326638724,COMPLETE
39,39,-0.1902119728090132,2020-09-20 21:47:21.849947,2020-09-20 21:48:02.450459,0 days 00:00:40.600512000,0.3325325791741084,0.15371096390159594,0.05370449566624268,0.6313062892533344,0.43422646399051956,COMPLETE
40,40,-0.19795827774537222,2020-09-20 21:48:02.450911,2020-09-20 21:48:42.972683,0 days 00:00:40.521772000,0.40656716317438696,0.28942320429277013,0.06277700587236391,0.99115129725119,0.36608275498770054,COMPLETE
41,41,-0.21505807383184466,2020-09-20 21:48:42.973147,2020-09-20 21:49:23.633819,0 days 00:00:40.660672000,0.3884452353336839,0.4425086184297842,0.008538227140761832,0.42668302177551165,0.5405331300901215,COMPLETE
42,42,-0.21647268555533009,2020-09-20 21:49:23.634271,2020-09-20 21:50:04.042455,0 days 00:00:40.408184000,0.4811801880927455,0.33836807753008236,0.00517759419111997,0.6972099328800339,0.7753049437147724,COMPLETE
43,43,-0.19516994778726188,2020-09-20 21:50:04.042965,2020-09-20 21:50:44.705639,0 days 00:00:40.662674000,0.46729177304245884,0.3243267062000996,0.12300996149664457,0.8152048440512951,0.8038939367894222,COMPLETE
44,44,-0.19885082335721735,2020-09-20 21:50:44.706093,2020-09-20 21:51:25.289903,0 days 00:00:40.583810000,0.4811618598973276,0.3459405678320782,0.06944304591322806,0.6886728611685584,0.9094220411484095,COMPLETE
45,45,-0.19188081936440465,2020-09-20 21:51:25.290345,2020-09-20 21:52:06.098804,0 days 00:00:40.808459000,0.4262749687407203,0.23625980254263512,0.18229801912005153,0.7632703197954117,0.2764719797610925,COMPLETE
46,46,-0.19703874095283208,2020-09-20 21:52:06.099304,2020-09-20 21:52:46.518885,0 days 00:00:40.419581000,0.4422067772568708,0.2621321384933548,0.04689917660675969,0.7415312623698461,0.6798006661645745,COMPLETE
47,47,-0.1949362551241412,2020-09-20 21:52:46.519412,2020-09-20 21:53:27.218724,0 days 00:00:40.699312000,0.48250496174000307,0.35715212362313115,0.19782450562914208,0.9454563042865881,0.986799328911524,COMPLETE
48,48,-0.21819387029738962,2020-09-20 21:53:27.219228,2020-09-20 21:54:07.381217,0 days 00:00:40.161989000,0.39814858831491473,0.30993943768757604,0.000500419210378961,0.6426776289375766,0.7357911978535496,COMPLETE
49,49,-0.19011545082069298,2020-09-20 21:54:07.381639,2020-09-20 21:54:47.611918,0 days 00:00:40.230279000,0.3939827556743808,0.21387807791023125,0.2504591083543874,0.3567739689947881,0.7187942917209726,COMPLETE
