,number,value,datetime_start,datetime_complete,duration,params_alpha,params_batch_size,params_embedding_dim,params_lr,params_lr_decay_rate,params_warmup,params_weight_decay,state
0,0,-0.006673558284968182,2020-08-12 08:04:12.402739,2020-08-12 08:44:49.126245,0 days 00:40:36.723506000,0.00016389732315510931,256,48.0,0.00010226705839420607,0.9361088621484751,59,0.002758346983439067,COMPLETE
1,1,-0.046704529558286245,2020-08-12 08:44:49.126763,2020-08-12 10:01:59.053870,0 days 01:17:09.927107000,3.3832055621873295e-06,128,80.0,0.000979796837851219,0.7111926593180282,25,0.00030075398257716743,COMPLETE
2,2,-0.006268836951013427,2020-08-12 10:01:59.054367,2020-08-12 10:24:36.139598,0 days 00:22:37.085231000,2.498361670222684e-05,512,16.0,0.00010042666008170169,0.697168442312658,44,0.0001919972796942072,COMPLETE
3,3,-0.11545356497681901,2020-08-12 10:24:36.140093,2020-08-12 10:52:36.413289,0 days 00:28:00.273196000,0.0068412466127136745,384,64.0,0.0025606697725634206,0.8136536242809811,63,0.00025411259775408394,COMPLETE
4,4,-0.022762474558380905,2020-08-12 10:52:36.413894,2020-08-12 11:15:48.677941,0 days 00:23:12.264047000,9.3385922273338e-06,512,64.0,0.0010794021189766089,0.5392081771798161,50,7.951006930758607e-06,COMPLETE
5,5,-0.006045396800244983,2020-08-12 11:15:48.678449,2020-08-12 11:39:09.472684,0 days 00:23:20.794235000,0.005861084352123238,512,80.0,0.0005382542549214911,0.6110527309746181,76,0.00416907911054441,COMPLETE
6,6,-0.04280188622007443,2020-08-12 11:39:09.473180,2020-08-12 12:56:05.827925,0 days 01:16:56.354745000,5.606330063377985e-05,128,16.0,0.006703202881898039,0.772700121558684,56,0.0005787425490998183,COMPLETE
7,7,-0.006370794651535332,2020-08-12 12:56:05.828448,2020-08-12 13:18:42.064098,0 days 00:22:36.235650000,1.0621430253220418e-05,512,32.0,0.0004355988381830835,0.5133048418584483,89,0.005396715222001835,COMPLETE
8,8,-0.11922398280919586,2020-08-12 13:18:42.064657,2020-08-12 13:47:13.658656,0 days 00:28:31.593999000,2.1139239125238045e-05,384,128.0,0.002351680902011541,0.750261908371121,92,6.748229750211417e-05,COMPLETE
9,9,-0.09208969047011806,2020-08-12 13:47:13.659214,2020-08-12 14:15:16.561235,0 days 00:28:02.902021000,0.0008000493485767073,384,128.0,0.0066145659226587526,0.566054288063393,81,5.179332024065754e-06,COMPLETE
10,10,-0.10014536825758541,2020-08-12 14:15:16.561744,2020-08-12 14:52:40.390999,0 days 00:37:23.829255000,1.0183731992617573e-06,256,128.0,0.0028558570112856454,0.931138949853833,98,2.440117885878202e-05,COMPLETE
11,11,-0.1307722122955548,2020-08-12 14:52:40.391515,2020-08-12 15:18:33.383638,0 days 00:25:52.992123000,0.007296413178186043,384,96.0,0.0027459758613664347,0.8437648158311966,72,5.020563125352992e-05,COMPLETE
12,12,-0.12139274274053072,2020-08-12 15:18:33.384143,2020-08-12 15:44:48.479138,0 days 00:26:15.094995000,0.00041868880107145945,384,112.0,0.0025897154338638795,0.8625106310026764,100,3.519428124947921e-05,COMPLETE
13,13,-0.11335297276606782,2020-08-12 15:44:48.479645,2020-08-12 16:11:02.672649,0 days 00:26:14.193004000,0.0012314789271228813,384,96.0,0.00925469002256555,0.8594215765130933,75,1.1050607994067692e-06,COMPLETE
14,14,-0.08386818167037938,2020-08-12 16:11:02.673166,2020-08-12 16:48:32.987463,0 days 00:37:30.314297000,0.0008746441250108913,256,112.0,0.004382411864628861,0.9994889447820876,34,4.201192125962452e-05,COMPLETE
15,15,-0.013213547128278616,2020-08-12 16:48:32.987975,2020-08-12 17:14:40.671958,0 days 00:26:07.683983000,0.00027964379165520807,384,96.0,0.0013111192150495644,0.8556232643130972,12,1.2528869426639716e-05,COMPLETE
16,16,-0.14767787951480266,2020-08-12 17:14:40.672464,2020-08-12 17:51:30.400129,0 days 00:36:49.727665000,0.0028111404559037502,256,112.0,0.00158191073088462,0.9213780813757093,68,2.7778468728486344e-06,COMPLETE
17,17,-0.14888018204999104,2020-08-12 17:51:30.400655,2020-08-12 18:29:02.728603,0 days 00:37:32.327948000,0.002474669908178474,256,96.0,0.0003232388817606825,0.9973263002558755,67,1.0538307936621208e-06,COMPLETE
18,18,-0.1353180488563014,2020-08-12 18:29:02.729120,2020-08-12 19:37:38.926526,0 days 01:08:36.197406000,0.002703859790733726,128,112.0,0.00020843326352954617,0.9931332874461445,65,1.28801302922226e-06,COMPLETE
19,19,-0.009104069128327272,2020-08-12 19:37:38.927037,2020-08-12 20:14:29.454932,0 days 00:36:50.527895000,0.002488325633989766,256,96.0,0.00025172919205343415,0.9420749355294742,41,2.9449651440878055e-06,COMPLETE
20,20,-0.14024613229460348,2020-08-12 20:14:29.455439,2020-08-12 20:51:25.392294,0 days 00:36:55.936855000,0.0024940057530339265,256,112.0,0.0004579443768713725,0.9901195805135509,87,2.2621545355925237e-06,COMPLETE
21,21,-0.04917898221812732,2020-08-12 20:51:25.392804,2020-08-12 21:27:54.652583,0 days 00:36:29.259779000,0.0023849957917808575,256,112.0,0.00040150010701358343,0.9644091193769887,85,2.7059039181342338e-06,COMPLETE
22,22,-0.05804305822408094,2020-08-12 21:27:54.653100,2020-08-12 22:04:53.814096,0 days 00:36:59.160996000,0.00991521582227059,256,112.0,0.0007379809821389491,0.9032664991144431,68,1.0085163082967436e-06,COMPLETE
23,23,-0.13950262190339102,2020-08-12 22:04:53.814603,2020-08-12 23:13:02.394074,0 days 01:08:08.579471000,0.002775641873850422,128,80.0,0.0001709604434952623,0.9982416617686125,84,2.8085354766142406e-06,COMPLETE
24,24,-0.015299395012796093,2020-08-12 23:13:02.394579,2020-08-12 23:49:50.462951,0 days 00:36:48.068372000,0.0003725391930560006,256,128.0,0.00029972651385014434,0.8972606114657689,78,1.3198703167928972e-05,COMPLETE
25,25,-0.08281718776251862,2020-08-12 23:49:50.463457,2020-08-13 00:26:39.066292,0 days 00:36:48.602835000,0.0011167608579025726,256,96.0,0.0016910292300405156,0.998063697674425,51,1.918219691974449e-06,COMPLETE
26,26,-0.146290156609494,2020-08-13 00:26:39.066800,2020-08-13 01:35:10.651334,0 days 01:08:31.584534000,0.0037131958762708296,128,112.0,0.0006834201813066929,0.9700954198595245,69,5.265391535244548e-06,COMPLETE
27,27,-0.10691152379310229,2020-08-13 01:35:10.651842,2020-08-13 02:43:58.922484,0 days 01:08:48.270642000,0.004367385535757803,128,80.0,0.0006576866777649469,0.8979688663036389,67,4.919646929240047e-06,COMPLETE
28,28,-0.12461210284134641,2020-08-13 02:43:58.922986,2020-08-13 03:53:25.531384,0 days 01:09:26.608398000,0.009631307535285554,128,96.0,0.0007862678984701063,0.9643734372744325,59,1.6392793110923654e-05,COMPLETE
29,29,-0.009623257876480383,2020-08-13 03:53:25.531893,2020-08-13 05:02:30.146382,0 days 01:09:04.614489000,0.00018645175788009114,128,128.0,0.00012940942684614345,0.9334055212974363,60,6.072373954325274e-06,COMPLETE
30,30,-0.007825420822074937,2020-08-13 05:02:30.146897,2020-08-13 05:39:38.248587,0 days 00:37:08.101690000,0.00010960839289521578,256,64.0,0.0012974965179939767,0.8054960963251299,71,0.0008286898708038319,COMPLETE
31,31,-0.051554810618475985,2020-08-13 05:39:38.249099,2020-08-13 06:16:27.443618,0 days 00:36:49.194519000,0.0015771863420408737,256,112.0,0.0003553116583401693,0.9714122621812478,94,1.7039690445070871e-06,COMPLETE
32,32,-0.05315863294437293,2020-08-13 06:16:27.444131,2020-08-13 06:53:28.128958,0 days 00:37:00.684827000,0.004214517449728188,256,112.0,0.0005339034417789885,0.9233308738228322,86,1.0103159561601364e-06,COMPLETE
33,33,-0.15033031901228344,2020-08-13 06:53:28.129469,2020-08-13 08:04:49.245771,0 days 01:11:21.116302000,0.0006061168545991479,128,112.0,0.0008997684839406763,0.9656788331093997,50,3.633638804538107e-06,COMPLETE
34,34,-0.11192073220721273,2020-08-13 08:04:49.246276,2020-08-13 09:11:28.732185,0 days 01:06:39.485909000,0.0005957586561675866,128,96.0,0.0016585451079199711,0.9673500193980878,49,8.801728777263877e-06,COMPLETE
35,35,-0.08371004498982487,2020-08-13 09:11:28.732868,2020-08-13 10:12:38.101705,0 days 01:01:09.368837000,0.0005996638917759209,128,128.0,0.000983039171804194,0.6901832894940783,42,4.055088772363953e-06,COMPLETE
36,36,-0.07611092231823383,2020-08-13 10:12:38.102198,2020-08-13 11:17:49.554025,0 days 01:05:11.451827000,0.0014198068370001803,128,80.0,0.000867563547560119,0.8846650119238272,36,9.10040380365433e-06,COMPLETE
37,37,-0.1388255573141951,2020-08-13 11:17:49.554541,2020-08-13 12:21:50.336261,0 days 01:04:00.781720000,0.004320500057042871,128,112.0,0.0005819082509611935,0.9595901689730837,56,2.1901790296166215e-05,COMPLETE
38,38,-0.14333813634041914,2020-08-13 12:21:50.336797,2020-08-13 13:25:36.585070,0 days 01:03:46.248273000,0.0016013600129743614,128,96.0,0.0012061368549117326,0.9198375691389095,61,1.44456697393128e-06,COMPLETE
39,39,-0.1289683104314257,2020-08-13 13:25:36.585568,2020-08-13 13:59:30.475920,0 days 00:33:53.890352000,0.004934129990628114,256,80.0,0.0017388728659147703,0.6371321351078401,51,0.0001473839974737524,COMPLETE
40,40,-0.020040204833835545,2020-08-13 13:59:30.476498,2020-08-13 15:03:38.875213,0 days 01:04:08.398715000,0.00018152150771296127,128,48.0,0.0002862156636453431,0.8229336096555337,71,3.89667293929737e-06,COMPLETE
41,41,-0.1410188852027522,2020-08-13 15:03:38.875722,2020-08-13 16:08:10.034204,0 days 01:04:31.158482000,0.0016394100594145865,128,96.0,0.0012317327661191288,0.9226721712473129,64,1.83119619289119e-06,COMPLETE
42,42,-0.1368471545352631,2020-08-13 16:08:10.034700,2020-08-13 17:12:19.896032,0 days 01:04:09.861332000,0.006815257411973171,128,96.0,0.0010038634891264598,0.88058452165072,61,1.5509289752803931e-06,COMPLETE
43,43,-0.1115726985486824,2020-08-13 17:12:19.896571,2020-08-13 18:17:56.305146,0 days 01:05:36.408575000,0.0006368174776192102,128,128.0,0.0020589018329821777,0.9531845070673187,55,7.34512862189204e-06,COMPLETE
44,44,-0.10112420482691292,2020-08-13 18:17:56.305648,2020-08-13 19:23:51.965686,0 days 01:05:55.660038000,0.0018147817388429808,128,112.0,0.003386247682153963,0.9155271655213855,46,3.425697164475614e-06,COMPLETE
45,45,-0.11900815318057181,2020-08-13 19:23:51.966184,2020-08-13 19:59:19.250219,0 days 00:35:27.284035000,0.0033244161693341775,256,64.0,0.0006629786856609211,0.982078233265237,78,1.1164992717063107e-06,COMPLETE
46,46,-0.13860475445280318,2020-08-13 19:59:19.250715,2020-08-13 21:00:41.728991,0 days 01:01:22.478276000,0.0009963390550231039,128,96.0,0.0014771256898579181,0.7903806878439075,74,5.658162237402438e-06,COMPLETE
47,47,-0.006512346094983261,2020-08-13 21:00:41.729505,2020-08-13 21:33:10.191020,0 days 00:32:28.461515000,4.28014533327341e-05,256,112.0,0.00112061197770378,0.9455345543551243,68,0.001601022030899696,COMPLETE
48,48,-0.1162918026302341,2020-08-13 21:33:10.191529,2020-08-13 22:33:38.388106,0 days 01:00:28.196577000,0.000397843490608561,128,128.0,0.0008628975990531636,0.8766441510199623,58,9.956062896302239e-05,COMPLETE
49,49,-0.14010032360481295,2020-08-13 22:33:38.388626,2020-08-13 22:56:32.856441,0 days 00:22:54.467815000,0.007075152202170889,384,96.0,0.0020640996978301446,0.8445436675150663,81,1.438085175330619e-06,COMPLETE
