,number,value,datetime_start,datetime_complete,duration,params_batch_size,params_embedding_dim,params_lr,params_lr_decay_rate,params_warmup,params_weight_decay,state
0,0,-0.027937126342572283,2020-08-07 13:00:17.483566,2020-08-07 13:56:21.793402,0 days 00:56:04.309836000,128,16.0,0.0004983584515589185,0.6589640950033118,22,2.738325759457934e-05,COMPLETE
1,1,-0.13848230106480358,2020-08-07 13:56:21.793940,2020-08-07 14:19:49.914619,0 days 00:23:28.120679000,384,80.0,0.0020720222992753013,0.8722100739959983,74,6.909129499833097e-05,COMPLETE
2,2,-0.03967616740383454,2020-08-07 14:19:49.915113,2020-08-07 14:42:38.612846,0 days 00:22:48.697733000,384,32.0,0.0006367988079348165,0.5392700723491165,43,2.7585996974839987e-06,COMPLETE
3,3,-0.12673023786721355,2020-08-07 14:42:38.613330,2020-08-07 15:03:16.454434,0 days 00:20:37.841104000,512,128.0,0.0057283742479301855,0.8767212777389193,100,0.0016572255927578402,COMPLETE
4,4,-0.05774949756019089,2020-08-07 15:03:16.454914,2020-08-07 15:26:21.585551,0 days 00:23:05.130637000,384,112.0,0.00020208543574355966,0.6019221341992111,92,1.4794272706586831e-05,COMPLETE
5,5,-0.0842760071993724,2020-08-07 15:26:21.586086,2020-08-07 16:14:27.367955,0 days 00:48:05.781869000,128,64.0,0.00026368549631708855,0.5909297162868192,91,0.0007686781965676656,COMPLETE
6,6,-0.040532355517420585,2020-08-07 16:14:27.368448,2020-08-07 16:37:06.130910,0 days 00:22:38.762462000,384,32.0,0.0011948018786721048,0.6275768896147298,19,0.002962498214528379,COMPLETE
7,7,-0.06752099037023844,2020-08-07 16:37:06.131403,2020-08-07 16:57:11.050795,0 days 00:20:04.919392000,512,112.0,0.0009258207209697858,0.5340366133743879,35,0.0009282342599173312,COMPLETE
8,8,-0.011758439779782973,2020-08-07 16:57:11.051290,2020-08-07 17:16:43.272465,0 days 00:19:32.221175000,512,48.0,0.00017085955796600227,0.9268265275460137,24,7.644685091085163e-06,COMPLETE
9,9,-0.14049829775135653,2020-08-07 17:16:43.272958,2020-08-07 17:45:03.720326,0 days 00:28:20.447368000,256,32.0,0.003637912756848148,0.5375522123942127,42,0.0007824422667110987,COMPLETE
10,10,-0.10241432159551306,2020-08-07 17:45:03.720808,2020-08-07 18:13:05.839453,0 days 00:28:02.118645000,256,16.0,0.0064100663057347655,0.7354803673612944,62,0.009899306969436755,COMPLETE
11,11,-0.15605699073966178,2020-08-07 18:13:05.839933,2020-08-07 18:40:28.225898,0 days 00:27:22.385965000,256,80.0,0.002555572222557332,0.8163352056324207,66,0.000188493749540359,COMPLETE
12,12,-0.0832304459638193,2020-08-07 18:40:28.226382,2020-08-07 19:07:34.250510,0 days 00:27:06.024128000,256,80.0,0.002914113771648467,0.7679478930785107,58,0.0002633950797056042,COMPLETE
13,13,-0.1159932966159907,2020-08-07 19:07:34.250994,2020-08-07 19:34:00.671987,0 days 00:26:26.420993000,256,96.0,0.009870267749931598,0.7746917391664878,73,0.00012163588566668547,COMPLETE
14,14,-0.06439882726209661,2020-08-07 19:34:00.672473,2020-08-07 20:15:34.484576,0 days 00:41:33.812103000,128,64.0,0.0029976800576078226,0.8429232733671437,41,0.0003011270363927725,COMPLETE
15,15,-0.07668992807400021,2020-08-07 20:15:34.485065,2020-08-07 20:42:37.002468,0 days 00:27:02.517403000,256,48.0,0.0017288035860094806,0.9978567817318835,71,0.009371907560445475,COMPLETE
16,16,-0.12323697067895306,2020-08-07 20:42:37.002952,2020-08-07 21:09:21.041409,0 days 00:26:44.038457000,256,96.0,0.004634054125729478,0.7249289587683421,49,0.0036491074281070116,COMPLETE
17,17,-0.005110685675656399,2020-08-07 21:09:21.041887,2020-08-07 21:50:58.738254,0 days 00:41:37.696367000,128,48.0,0.009126273720333596,0.9925567720936485,32,0.0003041075229143713,COMPLETE
18,18,-0.1627384292576084,2020-08-07 21:50:58.738743,2020-08-07 22:16:19.532719,0 days 00:25:20.793976000,256,96.0,0.0030876253496162943,0.684964109299999,64,7.626369873939267e-05,COMPLETE
19,19,-0.13850005632800189,2020-08-07 22:16:19.533189,2020-08-07 22:37:12.044009,0 days 00:20:52.510820000,384,96.0,0.0017201043158745037,0.6943658331019913,83,3.1206057248959234e-05,COMPLETE
20,20,-0.13298809675899764,2020-08-07 22:37:12.044484,2020-08-07 23:02:41.423720,0 days 00:25:29.379236000,256,128.0,0.0011490584601614045,0.8016954436052913,65,8.988558933840975e-05,COMPLETE
21,21,-0.15287639968965175,2020-08-07 23:02:41.424188,2020-08-07 23:28:38.848151,0 days 00:25:57.423963000,256,80.0,0.0034740693043486845,0.5018659756487676,51,0.0006944584713877337,COMPLETE
22,22,-0.0807110721772026,2020-08-07 23:28:38.848627,2020-08-07 23:53:34.766989,0 days 00:24:55.918362000,256,80.0,0.002303026956230296,0.9282063930743193,50,0.00016918398995795656,COMPLETE
23,23,-0.005110685675656399,2020-08-07 23:53:34.767452,2020-08-08 00:34:26.943999,0 days 00:40:52.176547000,128,112.0,0.004217895965252166,0.8146874332120971,54,4.362243661969237e-05,COMPLETE
24,24,-0.11722555469804673,2020-08-08 00:34:26.944553,2020-08-08 01:01:00.165728,0 days 00:26:33.221175000,256,96.0,0.007279857586430815,0.6807863082655908,66,0.00038188072972246417,COMPLETE
25,25,-0.022872186286588762,2020-08-08 01:01:00.166195,2020-08-08 01:27:05.276591,0 days 00:26:05.110396000,256,64.0,0.00010176560403443746,0.912922159861099,80,1.0390858134787532e-05,COMPLETE
26,26,-0.14007277164461918,2020-08-08 01:27:05.277067,2020-08-08 01:48:05.858934,0 days 00:21:00.581867000,384,80.0,0.0026797408499141563,0.5862367643778219,58,0.00016068357241188951,COMPLETE
27,27,-0.06798430753078287,2020-08-08 01:48:05.859421,2020-08-08 02:27:50.672616,0 days 00:39:44.813195000,128,96.0,0.001547601644455162,0.5093440661212696,80,0.000569017423682548,COMPLETE
28,28,-0.12432499648937262,2020-08-08 02:27:50.673094,2020-08-08 02:53:28.795570,0 days 00:25:38.122476000,256,112.0,0.0038031284876041947,0.809015663214548,51,0.001930874558495971,COMPLETE
29,29,-0.05586061601992822,2020-08-08 02:53:28.796047,2020-08-08 03:33:17.222197,0 days 00:39:48.426150000,128,80.0,0.0007914405996801079,0.6528827384367374,69,5.566710684652866e-05,COMPLETE
30,30,-0.06567056540508621,2020-08-08 03:33:17.222664,2020-08-08 03:59:36.442981,0 days 00:26:19.220317000,256,64.0,0.00041497844787946364,0.7036512624504462,60,2.5234216680650865e-05,COMPLETE
31,31,-0.11524501856369337,2020-08-08 03:59:36.443447,2020-08-08 04:25:18.259163,0 days 00:25:41.815716000,256,16.0,0.003642806266381125,0.5522017138215711,45,0.0008516268654052965,COMPLETE
32,32,-0.15799554482019756,2020-08-08 04:25:18.259627,2020-08-08 04:50:53.535815,0 days 00:25:35.276188000,256,80.0,0.00484519109399272,0.5058775039103406,37,0.0001561296954205991,COMPLETE
33,33,-0.14737085890059584,2020-08-08 04:50:53.536283,2020-08-08 05:11:34.383606,0 days 00:20:40.847323000,384,80.0,0.004792824597281499,0.8478420103830466,33,9.289452462538229e-05,COMPLETE
34,34,-0.16001654182151448,2020-08-08 05:11:34.384077,2020-08-08 05:36:22.520236,0 days 00:24:48.136159000,256,96.0,0.007859957965369724,0.5645611227533701,25,0.0001879494476831322,COMPLETE
35,35,-0.15550836182256342,2020-08-08 05:36:22.520703,2020-08-08 05:56:36.791613,0 days 00:20:14.270910000,384,96.0,0.007253145999366829,0.6274550008656405,26,0.00016526459184794027,COMPLETE
36,36,-0.15223108135404817,2020-08-08 05:56:36.792074,2020-08-08 06:21:35.313093,0 days 00:24:58.521019000,256,112.0,0.005245101876242125,0.5547167978552744,27,6.466467910067729e-05,COMPLETE
37,37,-0.1291860202498469,2020-08-08 06:21:35.313561,2020-08-08 06:42:07.718178,0 days 00:20:32.404617000,384,96.0,0.008921513932443564,0.5778931979353483,78,2.0613927880503037e-05,COMPLETE
38,38,-0.11554862190776703,2020-08-08 06:42:07.718643,2020-08-08 07:21:23.442623,0 days 00:39:15.723980000,128,128.0,0.002235156811633619,0.6503862460809232,13,5.492691488656539e-06,COMPLETE
39,39,-0.143301176851415,2020-08-08 07:21:23.443091,2020-08-08 07:46:10.485176,0 days 00:24:47.042085000,256,112.0,0.006024951981507555,0.6255264561311809,14,1.642467898739947e-06,COMPLETE
40,40,-0.0646792287461134,2020-08-08 07:46:10.485642,2020-08-08 08:06:57.869530,0 days 00:20:47.383888000,384,64.0,0.0014349675381878633,0.5235311194183153,20,4.303944029098462e-05,COMPLETE
41,41,-0.1614701284855559,2020-08-08 08:06:57.869998,2020-08-08 08:27:03.106017,0 days 00:20:05.236019000,384,96.0,0.007526046400288152,0.6096538678224007,37,0.00019245097412756265,COMPLETE
42,42,-0.15961946920729259,2020-08-08 08:27:03.106485,2020-08-08 08:48:01.784496,0 days 00:20:58.678011000,384,80.0,0.007892895475479462,0.5986248521634324,34,0.000466098575384492,COMPLETE
43,43,-0.15328597572900377,2020-08-08 08:48:01.784967,2020-08-08 09:08:32.416072,0 days 00:20:30.631105000,384,96.0,0.008224577229127157,0.5690147770811401,35,0.00043631589241824726,COMPLETE
44,44,-0.15844827603551495,2020-08-08 09:08:32.416675,2020-08-08 09:26:18.619944,0 days 00:17:46.203269000,512,112.0,0.006515633936687081,0.6704297559336923,39,0.0002276665147967381,COMPLETE
45,45,-0.1581624270334572,2020-08-08 09:26:18.620541,2020-08-08 09:43:54.312106,0 days 00:17:35.691565000,512,112.0,0.0065381539451918585,0.6091429485997424,28,0.0011917969758771844,COMPLETE
46,46,-0.15699336249579432,2020-08-08 09:43:54.312592,2020-08-08 10:01:15.563443,0 days 00:17:21.250851000,512,128.0,0.009779282620998891,0.6726359513617748,38,0.00026495867744710756,COMPLETE
47,47,-0.1639533537213601,2020-08-08 10:01:15.563920,2020-08-08 10:18:58.894360,0 days 00:17:43.330440000,512,112.0,0.007935538073993975,0.6107372292841752,30,0.0004894578212121667,COMPLETE
48,48,-0.15454946475654432,2020-08-08 10:18:58.894833,2020-08-08 10:36:58.848175,0 days 00:17:59.953342000,384,96.0,0.008031084012190066,0.6043687533590018,18,0.0005291587433489468,COMPLETE
49,49,-0.16044242966715422,2020-08-08 10:36:58.848638,2020-08-08 10:54:37.317702,0 days 00:17:38.469064000,384,96.0,0.00996780169928615,0.636593990364261,30,0.0001078061627630144,COMPLETE
