,number,value,datetime_start,datetime_complete,duration,params_batch_size,params_embedding_dim,params_lr,params_lr_decay_rate,params_warmup,params_weight_decay,state
0,0,-0.07085775056139865,2020-08-07 13:00:34.349434,2020-08-07 13:05:42.365587,0 days 00:05:08.016153000,512,64.0,0.0012356419087275086,0.5879214178954093,94,5.440266096532218e-05,COMPLETE
1,1,-0.009532946877324755,2020-08-07 13:05:42.366086,2020-08-07 13:11:15.288601,0 days 00:05:32.922515000,128,32.0,0.00011983780687144781,0.8030839050083947,62,0.0003678869208885548,COMPLETE
2,2,-0.07289725212325941,2020-08-07 13:11:15.289113,2020-08-07 13:17:26.512136,0 days 00:06:11.223023000,128,32.0,0.004477243343015165,0.9555053311531838,51,4.612773360901968e-05,COMPLETE
3,3,-0.012547045282224029,2020-08-07 13:17:26.512929,2020-08-07 13:23:41.667451,0 days 00:06:15.154522000,512,96.0,0.00041665715525066114,0.8316771032973,12,5.4113592674838326e-05,COMPLETE
4,4,-0.03253526560711285,2020-08-07 13:23:41.667918,2020-08-07 13:29:57.656128,0 days 00:06:15.988210000,256,96.0,0.00024289848561878126,0.8585692130747169,28,1.2071354669325018e-05,COMPLETE
5,5,-0.12400360477613886,2020-08-07 13:29:57.656798,2020-08-07 13:36:05.833742,0 days 00:06:08.176944000,256,128.0,0.0042060590676441575,0.5169470066180313,50,5.236066165504691e-05,COMPLETE
6,6,-0.07100633992656198,2020-08-07 13:36:05.834224,2020-08-07 13:41:54.782070,0 days 00:05:48.947846000,256,80.0,0.0004864619823398171,0.6229670714282193,50,0.0011369746377258823,COMPLETE
7,7,-0.014227696519078438,2020-08-07 13:41:54.782551,2020-08-07 13:47:26.088560,0 days 00:05:31.306009000,384,16.0,0.0007251422948272861,0.7658232630509352,49,0.007870494518663259,COMPLETE
8,8,-0.12076153705267895,2020-08-07 13:47:26.089045,2020-08-07 13:53:11.709634,0 days 00:05:45.620589000,128,96.0,0.005646504063348802,0.595895653185244,65,0.0003823603996840296,COMPLETE
9,9,-0.017410850390248943,2020-08-07 13:53:11.710121,2020-08-07 13:58:31.332694,0 days 00:05:19.622573000,384,64.0,0.00038173959282049633,0.5608738407084314,18,3.2589608356576286e-05,COMPLETE
10,10,-0.11095388547024737,2020-08-07 13:58:31.333172,2020-08-07 14:04:04.779665,0 days 00:05:33.446493000,256,128.0,0.00243169818843507,0.6903927797461735,88,1.4975245184386526e-06,COMPLETE
11,11,-0.11813108208000714,2020-08-07 14:04:04.780148,2020-08-07 14:09:29.834885,0 days 00:05:25.054737000,128,128.0,0.009978923262987542,0.5186007212812975,72,0.0006506353701473164,COMPLETE
12,12,-0.11995768573855259,2020-08-07 14:09:29.835364,2020-08-07 14:14:34.599973,0 days 00:05:04.764609000,128,112.0,0.009419543060821883,0.6669029496993071,72,5.970258199366592e-06,COMPLETE
13,13,-0.1320159371344394,2020-08-07 14:14:34.600469,2020-08-07 14:19:43.431108,0 days 00:05:08.830639000,256,112.0,0.004407347454038715,0.5055951012384741,33,0.00025119025372047197,COMPLETE
14,14,-0.12012713064071706,2020-08-07 14:19:43.431595,2020-08-07 14:24:54.345542,0 days 00:05:10.913947000,384,128.0,0.0022452918319064087,0.5188927582055896,37,0.003184504984863677,COMPLETE
15,15,-0.12311394627215433,2020-08-07 14:24:54.346025,2020-08-07 14:30:13.482229,0 days 00:05:19.136204000,256,112.0,0.0033129264990903995,0.511273612579557,37,0.00017747229612356875,COMPLETE
16,16,-0.1017248040830853,2020-08-07 14:30:13.482711,2020-08-07 14:35:35.312333,0 days 00:05:21.829622000,256,112.0,0.001412405107642542,0.6961489092721073,35,9.258582175443135e-06,COMPLETE
17,17,-0.131286082182464,2020-08-07 14:35:35.312818,2020-08-07 14:40:43.402468,0 days 00:05:08.089650000,384,128.0,0.007265434825665007,0.9732350912217544,26,0.00014543652410126218,COMPLETE
18,18,-0.12110979248625225,2020-08-07 14:40:43.402957,2020-08-07 14:46:00.817082,0 days 00:05:17.414125000,384,80.0,0.007665966981164072,0.9645091217849742,19,0.0020065365661257537,COMPLETE
19,19,-0.13635649057695565,2020-08-07 14:46:00.817569,2020-08-07 14:51:26.345142,0 days 00:05:25.527573000,512,112.0,0.0067407817561365956,0.8805438415693995,25,0.00017935017981889962,COMPLETE
20,20,-0.082316479641669,2020-08-07 14:51:26.345764,2020-08-07 14:56:49.630978,0 days 00:05:23.285214000,512,112.0,0.002128345866105574,0.9028717102146524,10,0.008301365975585187,COMPLETE
21,21,-0.13492206102388452,2020-08-07 14:56:49.631466,2020-08-07 15:02:05.825936,0 days 00:05:16.194470000,512,112.0,0.006979093504326307,0.996510745259056,29,0.00015024768161599295,COMPLETE
22,22,-0.1295290526400979,2020-08-07 15:02:05.826426,2020-08-07 15:07:07.731552,0 days 00:05:01.905126000,512,96.0,0.005693982452515443,0.9154954846952914,24,0.00022739999361213415,COMPLETE
23,23,-0.11845295746982976,2020-08-07 15:07:07.732041,2020-08-07 15:12:35.329463,0 days 00:05:27.597422000,512,112.0,0.0033836329722747543,0.8971643924303844,33,0.0007874424265786757,COMPLETE
24,24,-0.11785298684325461,2020-08-07 15:12:35.330165,2020-08-07 15:17:33.210029,0 days 00:04:57.879864000,512,80.0,0.00976993801112513,0.7569447983077496,43,9.992982497743112e-05,COMPLETE
25,25,-0.11666372771234987,2020-08-07 15:17:33.210511,2020-08-07 15:22:53.862334,0 days 00:05:20.651823000,384,96.0,0.006042651526381045,0.87055234063213,15,1.7733447501972687e-05,COMPLETE
26,26,-0.10998971615871794,2020-08-07 15:22:53.862813,2020-08-07 15:28:12.458243,0 days 00:05:18.595430000,512,112.0,0.0033193755600691524,0.9874140151053679,23,0.00030854758321281517,COMPLETE
27,27,-0.09567258497499678,2020-08-07 15:28:12.458726,2020-08-07 15:33:52.858812,0 days 00:05:40.400086000,384,64.0,0.0018100252606783741,0.995380755764603,44,9.572646035437849e-05,COMPLETE
28,28,-0.1347578361191273,2020-08-07 15:33:52.859298,2020-08-07 15:39:00.553280,0 days 00:05:07.693982000,512,112.0,0.0043511784042904655,0.9242084609565997,31,0.0015328849310785677,COMPLETE
29,29,-0.06031931755322435,2020-08-07 15:39:00.553758,2020-08-07 15:44:33.407896,0 days 00:05:32.854138000,512,48.0,0.0010290517742768267,0.947510081917717,42,0.0028693555089214754,COMPLETE
30,30,-0.1235786816067796,2020-08-07 15:44:33.408393,2020-08-07 15:49:57.022516,0 days 00:05:23.614123000,512,80.0,0.0072489056659386505,0.9353947420711224,30,0.0011329253374333923,COMPLETE
31,31,-0.13781136667669416,2020-08-07 15:49:57.023005,2020-08-07 15:55:00.057694,0 days 00:05:03.034689000,512,112.0,0.0052856687334736354,0.8086134440073516,23,0.000473848493047829,COMPLETE
32,32,-0.1484774921128469,2020-08-07 15:55:00.058193,2020-08-07 16:00:34.101682,0 days 00:05:34.043489000,512,96.0,0.009509289628238063,0.8039935916082035,18,0.0005268419728226677,COMPLETE
33,33,-0.1407132683811692,2020-08-07 16:00:34.102171,2020-08-07 16:05:37.434050,0 days 00:05:03.331879000,512,96.0,0.009688011436150001,0.7972079491495662,10,0.0005356380584893297,COMPLETE
34,34,-0.12657008247878432,2020-08-07 16:05:37.434538,2020-08-07 16:10:50.661691,0 days 00:05:13.227153000,512,96.0,0.008858608116083128,0.7980749864599912,10,0.0006708537020295217,COMPLETE
35,35,-0.14011176516835935,2020-08-07 16:10:50.662391,2020-08-07 16:15:50.175139,0 days 00:04:59.512748000,512,96.0,0.009935917321850798,0.8091657678714416,20,0.0004651959433082013,COMPLETE
36,36,-0.00577821404589929,2020-08-07 16:15:50.175618,2020-08-07 16:20:57.959531,0 days 00:05:07.783913000,512,96.0,0.00010802953043884158,0.8284284698371556,16,0.0003981400081470563,COMPLETE
37,37,-0.13509277438080533,2020-08-07 16:20:57.960013,2020-08-07 16:25:56.702987,0 days 00:04:58.742974000,512,80.0,0.009998523593696964,0.7909893034673527,21,0.005198365193421713,COMPLETE
38,38,-0.11199631653067617,2020-08-07 16:25:56.703469,2020-08-07 16:31:05.862519,0 days 00:05:09.159050000,512,96.0,0.005138730147926275,0.7312202127647963,13,0.0004938428860297342,COMPLETE
39,39,-0.008776787355425319,2020-08-07 16:31:05.863011,2020-08-07 16:36:18.750865,0 days 00:05:12.887854000,384,80.0,0.0001844222926925964,0.8384202594185416,11,0.0012281207491483016,COMPLETE
40,40,-0.13073663736625257,2020-08-07 16:36:18.751349,2020-08-07 16:41:15.485986,0 days 00:04:56.734637000,512,96.0,0.008306643423537742,0.7376765251505946,58,7.524330397394795e-05,COMPLETE
41,41,-0.1346419208068289,2020-08-07 16:41:15.486476,2020-08-07 16:46:25.494304,0 days 00:05:10.007828000,512,96.0,0.006544643405945841,0.8601390204338879,21,0.0005808599463722959,COMPLETE
42,42,-0.12015263166996201,2020-08-07 16:46:25.494788,2020-08-07 16:51:28.362171,0 days 00:05:02.867383000,512,96.0,0.005143784135372259,0.8196658656859982,16,0.0003303203953961986,COMPLETE
43,43,-0.13392864952671335,2020-08-07 16:51:28.362673,2020-08-07 16:56:43.676557,0 days 00:05:15.313884000,512,128.0,0.009722165489953005,0.7758256934429685,26,3.921829722039196e-05,COMPLETE
44,44,-0.10230598560406404,2020-08-07 16:56:43.677044,2020-08-07 17:01:48.029456,0 days 00:05:04.352412000,512,112.0,0.003346381903631216,0.8770179192279658,10,0.0010304402856212743,COMPLETE
45,45,-0.08937548871398009,2020-08-07 17:01:48.029952,2020-08-07 17:06:55.614566,0 days 00:05:07.584614000,512,48.0,0.004000429280901402,0.8095949697082061,97,0.00021638548094316519,COMPLETE
46,46,-0.10779275014171924,2020-08-07 17:06:55.615059,2020-08-07 17:11:56.775223,0 days 00:05:01.160164000,384,64.0,0.008199501646960898,0.8422871385386501,19,0.0004864623976622554,COMPLETE
47,47,-0.09000467424371555,2020-08-07 17:11:56.775723,2020-08-07 17:17:02.895584,0 days 00:05:06.119861000,512,80.0,0.002639379945222042,0.7197803499110578,25,0.0020260493322172913,COMPLETE
48,48,-0.11351981337335246,2020-08-07 17:17:02.896074,2020-08-07 17:22:10.819944,0 days 00:05:07.923870000,512,96.0,0.005190392140481217,0.7690940872223468,14,6.719387744946978e-05,COMPLETE
49,49,-0.1374423854209706,2020-08-07 17:22:10.820451,2020-08-07 17:27:31.943282,0 days 00:05:21.122831000,384,128.0,0.006254083639834181,0.7843480940587195,88,0.00013776337567207876,COMPLETE
