,number,value,datetime_start,datetime_complete,duration,params_batch_size,params_embedding_dim,params_layer_size,params_lr,params_lr_decay_rate,params_weight_decay,state
0,0,-0.08836016186513002,2020-08-27 05:13:14.888941,2020-08-27 05:17:56.809510,0 days 00:04:41.920569000,384.0,48.0,3,0.0027429852374827577,0.606397797938618,1.6796213348193842e-06,COMPLETE
1,1,-0.08192422373797992,2020-08-27 05:17:56.810034,2020-08-27 05:29:52.301860,0 days 00:11:55.491826000,128.0,112.0,1,0.0024148326960731947,0.7569420766577968,8.647036329104091e-06,COMPLETE
2,2,-0.007895805401909508,2020-08-27 05:29:52.302350,2020-08-27 05:36:43.975601,0 days 00:06:51.673251000,256.0,16.0,3,0.001984730477455233,0.834078594926857,0.00013421936150775468,COMPLETE
3,3,-0.09224917569408093,2020-08-27 05:36:43.976103,2020-08-27 05:48:37.387561,0 days 00:11:53.411458000,128.0,96.0,2,0.000576598997492601,0.8203685430462029,1.1707703074889363e-06,COMPLETE
4,4,-0.005110685675656399,2020-08-27 05:48:37.388055,2020-08-27 06:01:57.639332,0 days 00:13:20.251277000,128.0,16.0,3,0.004933447392772151,0.8067769328869829,0.0013435535560145668,COMPLETE
5,5,-0.007753269028428166,2020-08-27 06:01:57.639826,2020-08-27 06:05:36.105042,0 days 00:03:38.465216000,512.0,32.0,2,0.00015541571515463216,0.9864957143353327,0.0006072169555675237,COMPLETE
6,6,-0.005110685675656399,2020-08-27 06:05:36.105531,2020-08-27 06:10:13.918345,0 days 00:04:37.812814000,384.0,96.0,2,0.009266975787877073,0.8176571564393561,0.003314710091797722,COMPLETE
7,7,-0.07385054047987936,2020-08-27 06:10:13.918835,2020-08-27 06:14:34.623335,0 days 00:04:20.704500000,384.0,80.0,1,0.0003033719283349834,0.8955276076660783,1.1013986573438712e-05,COMPLETE
8,8,-0.0064947262624388755,2020-08-27 06:14:34.623829,2020-08-27 06:18:57.892807,0 days 00:04:23.268978000,384.0,48.0,1,0.0070065556292842335,0.858521609990099,0.0006262630730679818,COMPLETE
9,9,-0.005110685675656399,2020-08-27 06:18:57.893296,2020-08-27 06:23:36.174127,0 days 00:04:38.280831000,384.0,32.0,2,0.002791912744387218,0.8231453531227328,0.009475377174651231,COMPLETE
10,10,-0.09671887298740992,2020-08-27 06:23:36.174609,2020-08-27 06:40:40.517635,0 days 00:17:04.343026000,128.0,128.0,2,0.0005255955441017354,0.6318531718953109,1.2962001589204935e-06,COMPLETE
11,11,-0.095397803854281,2020-08-27 06:40:40.518129,2020-08-27 06:56:26.632945,0 days 00:15:46.114816000,128.0,128.0,2,0.0005881009478959328,0.6173373091979493,1.1699325547199369e-06,COMPLETE
12,12,-0.06549994566943207,2020-08-27 06:56:26.633565,2020-08-27 07:04:08.805996,0 days 00:07:42.172431000,256.0,128.0,2,0.0007462232944760105,0.5946507861314801,6.288049291573679e-06,COMPLETE
13,13,-0.007894786611695572,2020-08-27 07:04:08.806525,2020-08-27 07:20:38.926584,0 days 00:16:30.120059000,128.0,128.0,2,0.00032957178636664115,0.5016959416352149,4.418625751276789e-05,COMPLETE
14,14,-0.10374200206973228,2020-08-27 07:20:38.927085,2020-08-27 07:29:18.694892,0 days 00:08:39.767807000,256.0,128.0,3,0.0012508573139796359,0.6459145313306218,1.1243040935817546e-06,COMPLETE
15,15,-0.08473266187563666,2020-08-27 07:29:18.695399,2020-08-27 07:37:34.016082,0 days 00:08:15.320683000,256.0,112.0,3,0.0010866546470945147,0.6800463803029895,3.322688153666963e-06,COMPLETE
16,16,-0.0064947262624388755,2020-08-27 07:37:34.016581,2020-08-27 07:45:50.565239,0 days 00:08:16.548658000,256.0,112.0,3,0.0013697647113006188,0.5428398031901915,3.9692579734701683e-05,COMPLETE
17,17,-0.0078947862477892,2020-08-27 07:45:50.565748,2020-08-27 07:54:26.345822,0 days 00:08:35.780074000,256.0,80.0,3,0.00027879433920127375,0.6858374452005204,2.0815823067912897e-05,COMPLETE
18,18,-0.006697174113181218,2020-08-27 07:54:26.346335,2020-08-27 07:58:35.076829,0 days 00:04:08.730494000,512.0,96.0,1,0.00010519122154315982,0.687420291993904,3.753397443599092e-06,COMPLETE
19,19,-0.08874979054556548,2020-08-27 07:58:35.077326,2020-08-27 08:06:07.606217,0 days 00:07:32.528891000,256.0,128.0,3,0.00042904224887794395,0.5570799773442346,1.0795070279865077e-06,COMPLETE
20,20,-0.007894753955808402,2020-08-27 08:06:07.606771,2020-08-27 08:20:21.633107,0 days 00:14:14.026336000,128.0,64.0,1,0.0012930208150241395,0.7412863975478161,0.000125317299665403,COMPLETE
21,21,-0.09403490042509305,2020-08-27 08:20:21.633605,2020-08-27 08:34:00.515639,0 days 00:13:38.882034000,128.0,128.0,2,0.0006787959588076876,0.6363762664508116,2.0589563696586678e-06,COMPLETE
22,22,-0.09536039699567378,2020-08-27 08:34:00.516146,2020-08-27 08:44:55.506643,0 days 00:10:54.990497000,128.0,112.0,2,0.00016085083683489116,0.6477522949340219,1.0691756560283812e-06,COMPLETE
23,23,-0.09379836836655495,2020-08-27 08:44:55.507154,2020-08-27 08:55:36.454163,0 days 00:10:40.947009000,128.0,128.0,2,0.0005010592058296951,0.5019846858286483,2.7525406264473534e-06,COMPLETE
24,24,-0.10720082169734102,2020-08-27 08:55:36.454671,2020-08-27 09:01:06.271285,0 days 00:05:29.816614000,256.0,112.0,2,0.0008632340154646378,0.5654523816510963,1.010345310625288e-06,COMPLETE
25,25,-0.07650452023508444,2020-08-27 09:01:06.271794,2020-08-27 09:06:59.540158,0 days 00:05:53.268364000,256.0,112.0,3,0.0016423222471630794,0.5428247493158287,5.322682130440158e-06,COMPLETE
26,26,-0.05698529717524248,2020-08-27 09:06:59.540700,2020-08-27 09:12:28.839978,0 days 00:05:29.299278000,256.0,96.0,2,0.0008380625365113171,0.5797240165439104,1.2892273940192487e-05,COMPLETE
27,27,-0.10908695915247324,2020-08-27 09:12:28.840519,2020-08-27 09:17:33.677741,0 days 00:05:04.837222000,256.0,112.0,1,0.0010155716951038333,0.7323003695830562,1.0295608682748967e-06,COMPLETE
28,28,-0.10696910245267381,2020-08-27 09:17:33.678248,2020-08-27 09:22:38.813039,0 days 00:05:05.134791000,256.0,80.0,1,0.003990800641380764,0.7304077972936449,2.4991498381389613e-06,COMPLETE
29,29,-0.10970093408718647,2020-08-27 09:22:38.813581,2020-08-27 09:26:10.820165,0 days 00:03:32.006584000,384.0,64.0,1,0.003851647714700602,0.7651191175445344,2.5713468866828025e-06,COMPLETE
30,30,-0.07542619059602815,2020-08-27 09:26:10.820669,2020-08-27 09:29:42.960788,0 days 00:03:32.140119000,384.0,64.0,1,0.0034750093825896915,0.912297076762973,2.62499887439352e-05,COMPLETE
31,31,-0.10602737517217181,2020-08-27 09:29:42.961290,2020-08-27 09:33:12.410057,0 days 00:03:29.448767000,384.0,80.0,1,0.004143648129141035,0.7389768226096586,2.4505481926602855e-06,COMPLETE
32,32,-0.10542352150404141,2020-08-27 09:33:12.410565,2020-08-27 09:38:16.298046,0 days 00:05:03.887481000,256.0,64.0,1,0.005344968237615291,0.7581516933565577,2.0418336350299454e-06,COMPLETE
33,33,-0.10503170317667174,2020-08-27 09:38:16.298548,2020-08-27 09:43:20.382942,0 days 00:05:04.084394000,256.0,48.0,1,0.0022297317932761973,0.7828238892296563,4.920460457171113e-06,COMPLETE
34,34,-0.11047211482107072,2020-08-27 09:43:20.383452,2020-08-27 09:46:06.229518,0 days 00:02:45.846066000,512.0,80.0,1,0.0029125600339535164,0.7125172339202452,8.606567674606826e-06,COMPLETE
35,35,-0.1017879844093826,2020-08-27 09:46:06.230053,2020-08-27 09:48:52.278698,0 days 00:02:46.048645000,512.0,64.0,1,0.0018276717197806863,0.7148643642613834,9.506940860545196e-06,COMPLETE
36,36,-0.006510741564546693,2020-08-27 09:48:52.279218,2020-08-27 09:51:40.624264,0 days 00:02:48.345046000,512.0,96.0,1,0.0030942264866703224,0.7818536891246463,0.00022329701549022573,COMPLETE
37,37,-0.11517195380337432,2020-08-27 09:51:40.624818,2020-08-27 09:54:26.588609,0 days 00:02:45.963791000,512.0,32.0,1,0.006820904268701607,0.8628285681782094,6.790040345098538e-06,COMPLETE
38,38,-0.09314866066611793,2020-08-27 09:54:26.589126,2020-08-27 09:57:12.428455,0 days 00:02:45.839329000,512.0,32.0,1,0.0071882278051705085,0.9599354514903919,1.8620288604323607e-05,COMPLETE
39,39,-0.07108316419892663,2020-08-27 09:57:12.428982,2020-08-27 10:00:00.031912,0 days 00:02:47.602930000,512.0,16.0,1,0.009769843452287354,0.8518097041363737,5.170340982187695e-05,COMPLETE
40,40,-0.10491254686292963,2020-08-27 10:00:00.032433,2020-08-27 10:02:44.573674,0 days 00:02:44.541241000,512.0,32.0,1,0.006678486888111819,0.7871014714058413,7.1695522435718095e-06,COMPLETE
41,41,-0.11288142149313676,2020-08-27 10:02:44.574189,2020-08-27 10:06:15.340043,0 days 00:03:30.765854000,384.0,48.0,1,0.004849437582093215,0.9193564831504742,1.6779419001356758e-06,COMPLETE
42,42,-0.10866561036953683,2020-08-27 10:06:15.340547,2020-08-27 10:09:45.324756,0 days 00:03:29.984209000,384.0,48.0,1,0.0062261919091581245,0.9164377639653786,3.9885410578421254e-06,COMPLETE
43,43,-0.09320248572690935,2020-08-27 10:09:45.325285,2020-08-27 10:13:16.725123,0 days 00:03:31.399838000,384.0,48.0,1,0.004865705543617569,0.8792752456975551,1.2982702553475711e-05,COMPLETE
44,44,-0.10217354168499984,2020-08-27 10:13:16.725620,2020-08-27 10:16:46.528269,0 days 00:03:29.802649000,384.0,32.0,1,0.008548816917220271,0.9576831900788234,1.6040127983273775e-06,COMPLETE
45,45,-0.07906727338955608,2020-08-27 10:16:46.528815,2020-08-27 10:20:17.191295,0 days 00:03:30.662480000,384.0,16.0,1,0.0024875809380072696,0.7110486296954425,8.220745700194894e-06,COMPLETE
46,46,-0.10929142010534287,2020-08-27 10:20:17.191799,2020-08-27 10:23:03.448563,0 days 00:02:46.256764000,512.0,48.0,1,0.0034882836282431056,0.94584683780608,1.638278263988832e-06,COMPLETE
47,47,-0.1092724697984755,2020-08-27 10:23:03.449067,2020-08-27 10:25:52.042882,0 days 00:02:48.593815000,512.0,48.0,1,0.003524130864249163,0.9857509795340569,1.6384809677962465e-06,COMPLETE
48,48,-0.040353980807919375,2020-08-27 10:25:52.043396,2020-08-27 10:28:43.311406,0 days 00:02:51.268010000,512.0,64.0,1,0.0050590125446686954,0.9624377313367593,7.347129527630139e-05,COMPLETE
49,49,-0.11528992186968849,2020-08-27 10:28:43.311913,2020-08-27 10:31:29.620898,0 days 00:02:46.308985000,512.0,48.0,1,0.008106654245556462,0.8780068008520668,5.205396365471841e-06,COMPLETE
