,number,value,datetime_start,datetime_complete,duration,params_batch_size,params_embedding_dim,params_lr,params_lr_decay_rate,params_weight_decay,state
0,0,-0.006385476260829588,2020-09-04 04:26:23.539586,2020-09-04 05:34:19.923768,0 days 01:07:56.384182000,256,112.0,0.0003598486422936914,0.9934194627238772,0.001270359447914579,COMPLETE
1,1,-0.011922816003089441,2020-09-04 05:34:19.924222,2020-09-04 06:42:20.761255,0 days 01:08:00.837033000,128,48.0,0.00033006239149631177,0.5499645477396046,0.000764049480502886,COMPLETE
2,2,-0.007429568357078751,2020-09-04 06:42:20.761676,2020-09-04 07:49:40.484729,0 days 01:07:19.723053000,128,48.0,0.003271187931730943,0.6785679773839421,0.00228130875118674,COMPLETE
3,3,-0.006188093771559398,2020-09-04 07:49:40.485151,2020-09-04 08:57:25.890877,0 days 01:07:45.405726000,384,96.0,0.0005282848616409772,0.8380891537032658,0.0014182889476587193,COMPLETE
4,4,-0.10516698957182441,2020-09-04 08:57:25.891303,2020-09-04 10:04:54.313739,0 days 01:07:28.422436000,256,80.0,0.0017953740337851298,0.7095409368419499,2.8936511561220446e-05,COMPLETE
5,5,-0.0038110815635287467,2020-09-04 10:04:54.314166,2020-09-04 11:12:57.688951,0 days 01:08:03.374785000,384,16.0,0.0002526550580330797,0.527133815839094,0.0006195437173706321,COMPLETE
6,6,-0.08532384331507069,2020-09-04 11:12:57.689374,2020-09-04 12:20:25.431480,0 days 01:07:27.742106000,512,96.0,0.009491266468053984,0.8037631286151167,4.1649385850427286e-05,COMPLETE
7,7,-0.006531072989134704,2020-09-04 12:20:25.431926,2020-09-04 13:27:36.389895,0 days 01:07:10.957969000,256,64.0,0.0030267829382878116,0.5917262116098396,0.0018003281150501685,COMPLETE
8,8,-0.06562739006204124,2020-09-04 13:27:36.390321,2020-09-04 14:35:05.834244,0 days 01:07:29.443923000,384,112.0,0.006142529293636909,0.8579382203491979,1.526024595733434e-06,COMPLETE
9,9,-0.09651196358594655,2020-09-04 14:35:05.834664,2020-09-04 15:43:04.981866,0 days 01:07:59.147202000,512,96.0,0.0010518382887687407,0.9496812445144651,3.3881616325286224e-06,COMPLETE
10,10,-0.012677519791838236,2020-09-04 15:43:04.982315,2020-09-04 16:51:42.127691,0 days 01:08:37.145376000,256,16.0,0.00011450432486136952,0.6504787069987858,2.4813226343373146e-05,COMPLETE
11,11,-0.09234598043341402,2020-09-04 16:51:42.128131,2020-09-04 17:59:31.419170,0 days 01:07:49.291039000,512,80.0,0.0013889419685374248,0.988540167437833,3.054005269699576e-06,COMPLETE
12,12,-0.10385601804860939,2020-09-04 17:59:31.419599,2020-09-04 19:07:44.793370,0 days 01:08:13.373771000,512,128.0,0.001367333910576759,0.7376308915537396,6.809361361353881e-06,COMPLETE
13,13,-0.10099003389052075,2020-09-04 19:07:44.793812,2020-09-04 20:15:25.506747,0 days 01:07:40.712935000,256,128.0,0.001761740824608584,0.7119821972854342,1.2370823004914395e-05,COMPLETE
14,14,-0.12248154224327158,2020-09-04 20:15:25.507177,2020-09-04 21:23:27.788577,0 days 01:08:02.281400000,128,128.0,0.0024797669466931306,0.7698767169374285,0.00014650513199078428,COMPLETE
15,15,-0.12286764402109746,2020-09-04 21:23:27.789009,2020-09-04 22:31:15.295755,0 days 01:07:47.506746000,128,64.0,0.0033775124322764053,0.7772600226895675,0.00020252746102300485,COMPLETE
16,16,-0.12203468806302571,2020-09-04 22:31:15.296175,2020-09-04 23:38:02.730900,0 days 01:06:47.434725000,128,48.0,0.0047670549492240255,0.8994269297402817,0.00020578102706053292,COMPLETE
17,17,-0.003845996834957513,2020-09-04 23:38:02.731316,2020-09-05 00:44:36.463824,0 days 01:06:33.732508000,128,32.0,0.009087458926074344,0.8056676190155959,0.009076665595462031,COMPLETE
18,18,-0.11299169623252242,2020-09-05 00:44:36.464276,2020-09-05 01:51:23.708506,0 days 01:06:47.244230000,128,64.0,0.0034537942674899257,0.7686791899264033,0.00017417598783483343,COMPLETE
19,19,-0.09353525856416123,2020-09-05 01:51:23.708934,2020-09-05 02:58:52.806142,0 days 01:07:29.097208000,128,32.0,0.000774543391132454,0.6326705696441054,8.790698707893556e-05,COMPLETE
20,20,-0.11404639729180441,2020-09-05 02:58:52.806564,2020-09-05 04:05:42.779314,0 days 01:06:49.972750000,128,64.0,0.002566388251464487,0.8922555676086408,0.00031420415329311524,COMPLETE
21,21,-0.11147039816844678,2020-09-05 04:05:42.779733,2020-09-05 05:12:35.736581,0 days 01:06:52.956848000,128,48.0,0.005169635786382168,0.9305626911599382,0.00010125883336934175,COMPLETE
22,22,-0.12639826278351782,2020-09-05 05:12:35.737084,2020-09-05 06:19:11.952105,0 days 01:06:36.215021000,128,32.0,0.005895012852391172,0.77008568050424,0.0002547269889853027,COMPLETE
23,23,-0.12995805010877756,2020-09-05 06:19:11.952533,2020-09-05 07:25:52.633124,0 days 01:06:40.680591000,128,32.0,0.007378512788133619,0.7730158220038925,0.00031611650796509644,COMPLETE
24,24,-0.004715017787130404,2020-09-05 07:25:52.633542,2020-09-05 08:32:09.135125,0 days 01:06:16.501583000,256,32.0,0.007497943626397906,0.8005490221975272,0.004286293655006069,COMPLETE
25,25,-0.0567490284635835,2020-09-05 08:32:09.135544,2020-09-05 09:38:38.552663,0 days 01:06:29.417119000,128,16.0,0.004080972548870127,0.7396245894486724,0.0005310035623956874,COMPLETE
26,26,-0.1072622915448831,2020-09-05 09:38:38.553091,2020-09-05 10:45:11.674857,0 days 01:06:33.121766000,256,32.0,0.006601933737640782,0.8423814368464634,5.8623064185579355e-05,COMPLETE
27,27,-0.13756348747881997,2020-09-05 10:45:11.675306,2020-09-05 11:51:56.913953,0 days 01:06:45.238647000,128,32.0,0.00994773192013191,0.6910227067911483,0.00029683017199189104,COMPLETE
28,28,-0.14097372781827794,2020-09-05 11:51:56.914377,2020-09-05 12:58:36.615332,0 days 01:06:39.700955000,128,16.0,0.00947662740843913,0.6912957062471335,0.00035167718495541703,COMPLETE
29,29,-0.16011735391229362,2020-09-05 12:58:36.615760,2020-09-05 14:05:12.613557,0 days 01:06:35.997797000,256,16.0,0.008668400278900097,0.6093488263494462,0.00043547130103396283,COMPLETE
