,number,value,datetime_start,datetime_complete,duration,params_batch_size,params_embedding_dim,params_layer_size,params_lr,params_lr_decay_rate,params_weight_decay,state
0,0,-0.017042388996426225,2020-09-03 10:33:31.223828,2020-09-03 10:36:03.024924,0 days 00:02:31.801096000,256.0,64.0,1,0.000340379782989121,0.7636366888989984,5.329919236354413e-05,COMPLETE
1,1,-0.09333028092060829,2020-09-03 10:36:03.025409,2020-09-03 10:38:35.311739,0 days 00:02:32.286330000,256.0,96.0,3,0.0003325871214494721,0.9019887405640259,1.9554284275813008e-06,COMPLETE
2,2,-0.0346780468431576,2020-09-03 10:38:35.312196,2020-09-03 10:40:45.000932,0 days 00:02:09.688736000,256.0,128.0,1,0.0028879384895412617,0.9064524973666356,5.5032404792382405e-05,COMPLETE
3,3,-0.002685124738380315,2020-09-03 10:40:45.001401,2020-09-03 10:43:24.110732,0 days 00:02:39.109331000,128.0,112.0,1,0.0002461999811295821,0.9781764700923695,0.005034425342827399,COMPLETE
4,4,-0.005057796978788448,2020-09-03 10:43:24.111182,2020-09-03 10:46:01.029483,0 days 00:02:36.918301000,128.0,112.0,2,0.0001609250245556407,0.951970103253756,0.00012804404869032283,COMPLETE
5,5,-0.00183319961934649,2020-09-03 10:46:01.029952,2020-09-03 10:48:04.370192,0 days 00:02:03.340240000,384.0,64.0,3,0.0001744679233554049,0.7560785342937546,0.0012697092125024591,COMPLETE
6,6,-0.005822927960208443,2020-09-03 10:48:04.370671,2020-09-03 10:49:47.646902,0 days 00:01:43.276231000,128.0,48.0,1,0.0005072060597488096,0.8880256892726186,0.00033144212751448084,COMPLETE
7,7,-0.01582593842659385,2020-09-03 10:49:47.647443,2020-09-03 10:51:38.719287,0 days 00:01:51.071844000,384.0,48.0,2,0.00011084779925353666,0.8812578186893736,2.6443210850753006e-05,COMPLETE
8,8,-0.006956861699831707,2020-09-03 10:51:38.719729,2020-09-03 10:53:15.672700,0 days 00:01:36.952971000,384.0,48.0,1,0.0007900181071113831,0.9867092494452354,0.000186430630839196,COMPLETE
9,9,-0.014172116381266728,2020-09-03 10:53:15.673149,2020-09-03 10:55:28.393265,0 days 00:02:12.720116000,128.0,64.0,3,0.00014031284900067192,0.5591856337674377,8.320481685702798e-05,COMPLETE
10,10,-0.09218565608020368,2020-09-03 10:55:28.393715,2020-09-03 10:57:12.226775,0 days 00:01:43.833060000,512.0,112.0,3,0.002141553403995782,0.5897171763992668,1.4861038168340737e-06,COMPLETE
11,11,-0.11633032104237055,2020-09-03 10:57:12.227221,2020-09-03 10:58:57.217151,0 days 00:01:44.989930000,512.0,96.0,3,0.002463913379791784,0.5089628004263211,1.050679301981134e-06,COMPLETE
12,12,-0.12388629664964655,2020-09-03 10:58:57.217600,2020-09-03 11:00:43.394118,0 days 00:01:46.176518000,512.0,96.0,3,0.008296637952297523,0.6571415453331513,1.0415849798122368e-06,COMPLETE
13,13,-0.09287794661957019,2020-09-03 11:00:43.394568,2020-09-03 11:02:19.749449,0 days 00:01:36.354881000,512.0,16.0,2,0.008296524537773735,0.6427355816604889,6.906218164106355e-06,COMPLETE
14,14,-0.11358205844264227,2020-09-03 11:02:19.749896,2020-09-03 11:04:05.474286,0 days 00:01:45.724390000,512.0,96.0,3,0.008981361976391773,0.5059595573652673,6.125376879441001e-06,COMPLETE
15,15,-0.1258984173345694,2020-09-03 11:04:05.474735,2020-09-03 11:05:51.079477,0 days 00:01:45.604742000,512.0,96.0,3,0.00418192208514221,0.6708263918920283,1.0901646823401229e-06,COMPLETE
16,16,-0.11998353696155573,2020-09-03 11:05:51.079934,2020-09-03 11:07:27.949096,0 days 00:01:36.869162000,512.0,80.0,2,0.005073208489101762,0.6746750085392605,5.8340426660805934e-06,COMPLETE
17,17,-0.0467520932504393,2020-09-03 11:07:27.949544,2020-09-03 11:09:13.765755,0 days 00:01:45.816211000,384.0,128.0,3,0.00497852778782873,0.6864276140128794,1.4791872271023077e-05,COMPLETE
18,18,-0.11191441580932544,2020-09-03 11:09:13.766202,2020-09-03 11:10:53.246280,0 days 00:01:39.480078000,512.0,80.0,2,0.0013453532865807189,0.8208417621146239,3.010791722026294e-06,COMPLETE
19,19,-0.10228873071003897,2020-09-03 11:10:53.246726,2020-09-03 11:12:39.472638,0 days 00:01:46.225912000,384.0,96.0,3,0.005076533939368774,0.6156110179515534,1.1812072068038748e-06,COMPLETE
20,20,-0.003600438702621476,2020-09-03 11:12:39.473088,2020-09-03 11:14:25.664472,0 days 00:01:46.191384000,512.0,80.0,3,0.009384504161472572,0.7076993818740239,0.009128994982452303,COMPLETE
21,21,-0.1171695696637709,2020-09-03 11:14:25.664918,2020-09-03 11:16:01.412736,0 days 00:01:35.747818000,512.0,80.0,2,0.004559734130739927,0.6688243635313631,5.961004096206802e-06,COMPLETE
22,22,-0.11439024440888915,2020-09-03 11:16:01.413183,2020-09-03 11:17:36.233999,0 days 00:01:34.820816000,512.0,112.0,2,0.006020921022641741,0.7138594855977513,3.3727247997465445e-06,COMPLETE
23,23,-0.10364923724795758,2020-09-03 11:17:36.234444,2020-09-03 11:19:10.849838,0 days 00:01:34.615394000,512.0,80.0,2,0.0034422238310993325,0.5637275298435603,1.1565454983167256e-05,COMPLETE
24,24,-0.11044696751212052,2020-09-03 11:19:10.850284,2020-09-03 11:20:58.365127,0 days 00:01:47.514843000,384.0,96.0,3,0.0016864339312894462,0.6525262010432397,3.0301468602506516e-06,COMPLETE
25,25,-0.09174003399766212,2020-09-03 11:20:58.365623,2020-09-03 11:22:42.574440,0 days 00:01:44.208817000,512.0,80.0,3,0.006704824148489644,0.815093389071565,1.0097438307354965e-06,COMPLETE
26,26,-0.0918111731825419,2020-09-03 11:22:42.574889,2020-09-03 11:24:17.734972,0 days 00:01:35.160083000,384.0,112.0,2,0.0036136591243146007,0.6185313759374852,1.75464139778383e-05,COMPLETE
27,27,-0.13632977261185442,2020-09-03 11:24:17.735420,2020-09-03 11:26:04.884065,0 days 00:01:47.148645000,512.0,128.0,3,0.0010686672132222035,0.7245304591206585,2.1011908675994604e-06,COMPLETE
28,28,-0.1339017238745751,2020-09-03 11:26:04.884524,2020-09-03 11:27:55.357780,0 days 00:01:50.473256000,512.0,128.0,3,0.0008617682353575599,0.7912820626043445,1.7414537554406774e-06,COMPLETE
29,29,-0.017852579798386434,2020-09-03 11:27:55.358234,2020-09-03 11:29:46.597155,0 days 00:01:51.238921000,384.0,128.0,3,0.0007789533040274069,0.7950930989363265,3.5928755554726286e-05,COMPLETE
30,30,-0.13528798670945757,2020-09-03 11:29:46.597603,2020-09-03 11:31:33.026206,0 days 00:01:46.428603000,512.0,128.0,3,0.001186369721432604,0.7739109034000667,2.4212681569324906e-06,COMPLETE
31,31,-0.12420403289754882,2020-09-03 11:31:33.026809,2020-09-03 11:33:20.960262,0 days 00:01:47.933453000,512.0,128.0,3,0.0011654231948338607,0.7270309715083436,2.2629823034263045e-06,COMPLETE
32,32,-0.12282956779869134,2020-09-03 11:33:20.960721,2020-09-03 11:35:13.549969,0 days 00:01:52.589248000,512.0,128.0,3,0.0005237896252473688,0.7811070797335976,1.7112909852570625e-06,COMPLETE
33,33,-0.06934536064376633,2020-09-03 11:35:13.550455,2020-09-03 11:37:04.323505,0 days 00:01:50.773050000,256.0,128.0,3,0.0008505222926093428,0.7432863023943164,4.237536569102649e-06,COMPLETE
34,34,-0.10404195687102696,2020-09-03 11:37:04.323957,2020-09-03 11:38:53.922357,0 days 00:01:49.598400000,512.0,112.0,3,0.0005134689359105937,0.8360862582030021,1.917364826637041e-06,COMPLETE
35,35,-0.07731922558051285,2020-09-03 11:38:53.922807,2020-09-03 11:40:40.211040,0 days 00:01:46.288233000,512.0,112.0,3,0.001620468668339609,0.8550661727591684,1.142836360473059e-05,COMPLETE
36,36,-0.09144223094529735,2020-09-03 11:40:40.211491,2020-09-03 11:42:34.749395,0 days 00:01:54.537904000,384.0,128.0,3,0.00031402735030141096,0.7760120778995525,1.002422983585245e-06,COMPLETE
37,37,-0.0021559673919075784,2020-09-03 11:42:34.749849,2020-09-03 11:44:31.047430,0 days 00:01:56.297581000,512.0,128.0,3,0.0011020445703181733,0.7705007457217962,0.0009459818034644869,COMPLETE
38,38,-0.10864779800492771,2020-09-03 11:44:31.047891,2020-09-03 11:46:27.083261,0 days 00:01:56.035370000,256.0,112.0,3,0.0006367704691682413,0.701347565539524,2.35568029751522e-06,COMPLETE
39,39,-0.005243397313445414,2020-09-03 11:46:27.083725,2020-09-03 11:48:16.772503,0 days 00:01:49.688778000,384.0,16.0,3,0.000361957407471328,0.7404452277618677,3.9405114482263245e-06,COMPLETE
40,40,-0.11322478969679022,2020-09-03 11:48:16.772996,2020-09-03 11:50:02.167245,0 days 00:01:45.394249000,512.0,112.0,3,0.0019205897902559077,0.9230304202922736,7.928891059437029e-06,COMPLETE
41,41,-0.13005175468047475,2020-09-03 11:50:02.167719,2020-09-03 11:51:50.134827,0 days 00:01:47.967108000,512.0,128.0,3,0.0011355300352417779,0.7290552673652972,1.978322885745255e-06,COMPLETE
42,42,-0.13808018384150889,2020-09-03 11:51:50.135295,2020-09-03 11:53:38.238030,0 days 00:01:48.102735000,512.0,128.0,3,0.0013686563331086188,0.7470780973501171,1.7202154278190968e-06,COMPLETE
43,43,-0.13030268668331416,2020-09-03 11:53:38.238487,2020-09-03 11:55:22.873656,0 days 00:01:44.635169000,512.0,128.0,3,0.001324995842946501,0.8037259459183849,1.801785612054942e-06,COMPLETE
44,44,-0.11305198772642044,2020-09-03 11:55:22.874109,2020-09-03 11:57:08.881554,0 days 00:01:46.007445000,512.0,128.0,3,0.0008801042951888604,0.8055271527394627,1.7117092473169276e-06,COMPLETE
45,45,-0.04195511419400828,2020-09-03 11:57:08.882012,2020-09-03 11:58:57.694533,0 days 00:01:48.812521000,512.0,32.0,3,0.001474662723969202,0.8642310640517546,4.84165732075184e-06,COMPLETE
46,46,-0.13269445745268127,2020-09-03 11:58:57.694993,2020-09-03 12:00:44.045683,0 days 00:01:46.350690000,512.0,112.0,3,0.002670278098620749,0.836457699364012,2.778940051946643e-06,COMPLETE
47,47,-0.04459689118262084,2020-09-03 12:00:44.046144,2020-09-03 12:02:33.211548,0 days 00:01:49.165404000,384.0,112.0,3,0.0021323018533429493,0.7591148000299898,2.1034987518664273e-05,COMPLETE
48,48,-0.07480866497476363,2020-09-03 12:02:33.212030,2020-09-03 12:04:21.605714,0 days 00:01:48.393684000,512.0,128.0,1,0.002769128361740811,0.8339594486514151,9.10973177997123e-06,COMPLETE
49,49,-0.012314348565291471,2020-09-03 12:04:21.606180,2020-09-03 12:07:04.077104,0 days 00:02:42.470924000,512.0,112.0,3,0.0006760828118429623,0.9127165584644498,5.1916582412704905e-05,COMPLETE
